#
# There is insufficient memory for the Java Runtime Environment to continue.
# Native memory allocation (malloc) failed to allocate 1099696 bytes for Chunk::new
# Possible reasons:
#   The system is out of physical RAM or swap space
#   The process is running with CompressedOops enabled, and the Java Heap may be blocking the growth of the native heap
# Possible solutions:
#   Reduce memory load on the system
#   Increase physical memory or swap space
#   Check if swap backing store is full
#   Decrease Java heap size (-Xmx/-Xms)
#   Decrease number of Java threads
#   Decrease Java thread stack sizes (-Xss)
#   Set larger code cache with -XX:ReservedCodeCacheSize=
#   JVM is running with Unscaled Compressed Oops mode in which the Java heap is
#     placed in the first 4GB address space. The Java Heap base address is the
#     maximum limit for the native heap growth. Please use -XX:HeapBaseMinAddress
#     to set the Java Heap base and to place the Java Heap above 4GB virtual address.
# This output file may be truncated or incomplete.
#
#  Out of Memory Error (arena.cpp:189), pid=17996, tid=41244
#
# JRE version: OpenJDK Runtime Environment (17.0.2+8) (build 17.0.2+8-86)
# Java VM: OpenJDK 64-Bit Server VM (17.0.2+8-86, mixed mode, sharing, tiered, compressed oops, compressed class ptrs, g1 gc, windows-amd64)
# No core dump will be written. Minidumps are not enabled by default on client versions of Windows
#

---------------  S U M M A R Y ------------

Command Line: --add-opens=java.base/java.util=ALL-UNNAMED --add-opens=java.base/java.lang=ALL-UNNAMED --add-opens=java.base/java.lang.invoke=ALL-UNNAMED --add-opens=java.prefs/java.util.prefs=ALL-UNNAMED --add-opens=java.base/java.nio.charset=ALL-UNNAMED --add-opens=java.base/java.net=ALL-UNNAMED --add-opens=java.base/java.util.concurrent.atomic=ALL-UNNAMED -XX:MaxMetaspaceSize=384m -XX:+HeapDumpOnOutOfMemoryError -Xms256m -Xmx512m -Dfile.encoding=windows-1252 -Duser.country=CM -Duser.language=fr -Duser.variant -javaagent:C:\Users\ayefou\.gradle\wrapper\dists\gradle-8.8-bin\dl7vupf4psengwqhwktix4v1\gradle-8.8\lib\agents\gradle-instrumentation-agent-8.8.jar org.gradle.launcher.daemon.bootstrap.GradleDaemon 8.8

Host: Intel(R) Core(TM) i7-1065G7 CPU @ 1.30GHz, 8 cores, 15G,  Windows 11 , 64 bit Build 22621 (10.0.22621.2506)
Time: Tue Aug 26 20:13:18 2025 Afr. centrale Ouest elapsed time: 11.886417 seconds (0d 0h 0m 11s)

---------------  T H R E A D  ---------------

Current thread (0x0000023575c194d0):  JavaThread "C2 CompilerThread1" daemon [_thread_in_native, id=41244, stack(0x000000ed30c00000,0x000000ed30d00000)]


Current CompileTask:
C2:  11886 4290       4       groovy.lang.MetaClassImpl$1MOPIter::methodNameAction (325 bytes)

Stack: [0x000000ed30c00000,0x000000ed30d00000]
Native frames: (J=compiled Java code, j=interpreted, Vv=VM code, C=native code)
V  [jvm.dll+0x670baa]
V  [jvm.dll+0x7cfcb4]
V  [jvm.dll+0x7d145e]
V  [jvm.dll+0x7d1ac3]
V  [jvm.dll+0x242bc5]
V  [jvm.dll+0xaa57b]
V  [jvm.dll+0xaab0c]
V  [jvm.dll+0x35fcb2]
V  [jvm.dll+0x1b9982]
V  [jvm.dll+0x215de9]
V  [jvm.dll+0x2150b1]
V  [jvm.dll+0x1a1bbd]
V  [jvm.dll+0x224908]
V  [jvm.dll+0x222a6c]
V  [jvm.dll+0x7859bb]
V  [jvm.dll+0x77ff7a]
V  [jvm.dll+0x66fa35]
C  [ucrtbase.dll+0x29363]
C  [KERNEL32.DLL+0x1257d]
C  [ntdll.dll+0x5aa58]


---------------  P R O C E S S  ---------------

Threads class SMR info:
_java_thread_list=0x000002357a8645d0, length=39, elements={
0x0000023559a05450, 0x00000235742af6c0, 0x00000235742b0270, 0x00000235742c57f0,
0x00000235742c62b0, 0x00000235742cae80, 0x00000235742cf950, 0x00000235742df5a0,
0x00000235742e8fb0, 0x00000235742e99a0, 0x000002357429c300, 0x0000023574f4fc00,
0x0000023575c1c570, 0x00000235764db860, 0x0000023576584f20, 0x0000023576584000,
0x0000023576c40080, 0x0000023575c63dd0, 0x0000023574d678c0, 0x0000023574d65dd0,
0x0000023576d679f0, 0x0000023576d69200, 0x0000023576d68390, 0x0000023576d696d0,
0x0000023576d6aa10, 0x0000023575c194d0, 0x0000023576d67050, 0x0000023576d6a540,
0x0000023576d68d30, 0x0000023576d67ec0, 0x0000023576d68860, 0x0000023576d69ba0,
0x0000023576d6a070, 0x0000023576c52530, 0x0000023576c580a0, 0x0000023576c546e0,
0x0000023576c533a0, 0x0000023576c58a40, 0x0000023576c57bd0
}

Java Threads: ( => current thread )
  0x0000023559a05450 JavaThread "main" [_thread_blocked, id=32804, stack(0x000000ed2e700000,0x000000ed2e800000)]
  0x00000235742af6c0 JavaThread "Reference Handler" daemon [_thread_blocked, id=36240, stack(0x000000ed2ee00000,0x000000ed2ef00000)]
  0x00000235742b0270 JavaThread "Finalizer" daemon [_thread_blocked, id=33632, stack(0x000000ed2ef00000,0x000000ed2f000000)]
  0x00000235742c57f0 JavaThread "Signal Dispatcher" daemon [_thread_blocked, id=40652, stack(0x000000ed2f000000,0x000000ed2f100000)]
  0x00000235742c62b0 JavaThread "Attach Listener" daemon [_thread_blocked, id=29472, stack(0x000000ed2f100000,0x000000ed2f200000)]
  0x00000235742cae80 JavaThread "Service Thread" daemon [_thread_blocked, id=36060, stack(0x000000ed2f200000,0x000000ed2f300000)]
  0x00000235742cf950 JavaThread "Monitor Deflation Thread" daemon [_thread_blocked, id=36544, stack(0x000000ed2f300000,0x000000ed2f400000)]
  0x00000235742df5a0 JavaThread "C2 CompilerThread0" daemon [_thread_in_native, id=25104, stack(0x000000ed2f400000,0x000000ed2f500000)]
  0x00000235742e8fb0 JavaThread "C1 CompilerThread0" daemon [_thread_blocked, id=3672, stack(0x000000ed2f500000,0x000000ed2f600000)]
  0x00000235742e99a0 JavaThread "Sweeper thread" daemon [_thread_blocked, id=15796, stack(0x000000ed2f600000,0x000000ed2f700000)]
  0x000002357429c300 JavaThread "Common-Cleaner" daemon [_thread_blocked, id=8412, stack(0x000000ed2f700000,0x000000ed2f800000)]
  0x0000023574f4fc00 JavaThread "Notification Thread" daemon [_thread_blocked, id=7148, stack(0x000000ed2f800000,0x000000ed2f900000)]
  0x0000023575c1c570 JavaThread "Daemon health stats" [_thread_blocked, id=29100, stack(0x000000ed30000000,0x000000ed30100000)]
  0x00000235764db860 JavaThread "Incoming local TCP Connector on port 64513" [_thread_in_native, id=18372, stack(0x000000ed2fa00000,0x000000ed2fb00000)]
  0x0000023576584f20 JavaThread "Daemon periodic checks" [_thread_blocked, id=39944, stack(0x000000ed30100000,0x000000ed30200000)]
  0x0000023576584000 JavaThread "Daemon" [_thread_blocked, id=7724, stack(0x000000ed30200000,0x000000ed30300000)]
  0x0000023576c40080 JavaThread "Handler for socket connection from /127.0.0.1:64513 to /127.0.0.1:64514" [_thread_in_native, id=38620, stack(0x000000ed30300000,0x000000ed30400000)]
  0x0000023575c63dd0 JavaThread "Cancel handler" [_thread_blocked, id=24428, stack(0x000000ed30400000,0x000000ed30500000)]
  0x0000023574d678c0 JavaThread "Daemon worker" [_thread_in_vm, id=41248, stack(0x000000ed30500000,0x000000ed30600000)]
  0x0000023574d65dd0 JavaThread "Asynchronous log dispatcher for DefaultDaemonConnection: socket connection from /127.0.0.1:64513 to /127.0.0.1:64514" [_thread_in_vm, id=44684, stack(0x000000ed30600000,0x000000ed30700000)]
  0x0000023576d679f0 JavaThread "Stdin handler" [_thread_blocked, id=34724, stack(0x000000ed30700000,0x000000ed30800000)]
  0x0000023576d69200 JavaThread "Daemon client event forwarder" [_thread_blocked, id=37484, stack(0x000000ed30800000,0x000000ed30900000)]
  0x0000023576d68390 JavaThread "Cache worker for journal cache (C:\Users\ayefou\.gradle\caches\journal-1)" [_thread_blocked, id=18668, stack(0x000000ed30900000,0x000000ed30a00000)]
  0x0000023576d696d0 JavaThread "File lock request listener" [_thread_in_native, id=35032, stack(0x000000ed30a00000,0x000000ed30b00000)]
  0x0000023576d6aa10 JavaThread "Cache worker for file hash cache (C:\Users\ayefou\.gradle\caches\8.8\fileHashes)" [_thread_blocked, id=31316, stack(0x000000ed30b00000,0x000000ed30c00000)]
=>0x0000023575c194d0 JavaThread "C2 CompilerThread1" daemon [_thread_in_native, id=41244, stack(0x000000ed30c00000,0x000000ed30d00000)]
  0x0000023576d67050 JavaThread "Cache worker for file hash cache (C:\Users\ayefou\IdeaProjects\Chloz\chloz-generator-test\.gradle\8.8\fileHashes)" [_thread_blocked, id=1876, stack(0x000000ed30d00000,0x000000ed30e00000)]
  0x0000023576d6a540 JavaThread "File watcher server" daemon [_thread_in_native, id=2368, stack(0x000000ed31100000,0x000000ed31200000)]
  0x0000023576d68d30 JavaThread "File watcher consumer" daemon [_thread_blocked, id=27372, stack(0x000000ed31200000,0x000000ed31300000)]
  0x0000023576d67ec0 JavaThread "Cache worker for checksums cache (C:\Users\ayefou\IdeaProjects\Chloz\chloz-generator-test\.gradle\8.8\checksums)" [_thread_blocked, id=40200, stack(0x000000ed30e00000,0x000000ed30f00000)]
  0x0000023576d68860 JavaThread "Cache worker for file content cache (C:\Users\ayefou\.gradle\caches\8.8\fileContent)" [_thread_blocked, id=8564, stack(0x000000ed31400000,0x000000ed31500000)]
  0x0000023576d69ba0 JavaThread "Cache worker for cache directory md-rule (C:\Users\ayefou\.gradle\caches\8.8\md-rule)" [_thread_blocked, id=39384, stack(0x000000ed31500000,0x000000ed31600000)]
  0x0000023576d6a070 JavaThread "Cache worker for cache directory md-supplier (C:\Users\ayefou\.gradle\caches\8.8\md-supplier)" [_thread_blocked, id=22840, stack(0x000000ed31600000,0x000000ed31700000)]
  0x0000023576c52530 JavaThread "jar transforms" [_thread_blocked, id=34896, stack(0x000000ed31700000,0x000000ed31800000)]
  0x0000023576c580a0 JavaThread "jar transforms Thread 2" [_thread_blocked, id=31676, stack(0x000000ed31800000,0x000000ed31900000)]
  0x0000023576c546e0 JavaThread "jar transforms Thread 3" [_thread_blocked, id=24544, stack(0x000000ed31900000,0x000000ed31a00000)]
  0x0000023576c533a0 JavaThread "jar transforms Thread 4" [_thread_blocked, id=40468, stack(0x000000ed31a00000,0x000000ed31b00000)]
  0x0000023576c58a40 JavaThread "jar transforms Thread 5" [_thread_blocked, id=36020, stack(0x000000ed31b00000,0x000000ed31c00000)]
  0x0000023576c57bd0 JavaThread "jar transforms Thread 6" [_thread_blocked, id=43328, stack(0x000000ed31c00000,0x000000ed31d00000)]

Other Threads:
  0x00000235742ad080 VMThread "VM Thread" [stack: 0x000000ed2ed00000,0x000000ed2ee00000] [id=43952]
  0x0000023559a804f0 WatcherThread [stack: 0x000000ed2f900000,0x000000ed2fa00000] [id=11584]
  0x0000023559a29970 GCTaskThread "GC Thread#0" [stack: 0x000000ed2e800000,0x000000ed2e900000] [id=31856]
  0x0000023575999160 GCTaskThread "GC Thread#1" [stack: 0x000000ed2fb00000,0x000000ed2fc00000] [id=30244]
  0x00000235759cde60 GCTaskThread "GC Thread#2" [stack: 0x000000ed2fc00000,0x000000ed2fd00000] [id=44880]
  0x0000023575c08640 GCTaskThread "GC Thread#3" [stack: 0x000000ed2fd00000,0x000000ed2fe00000] [id=18212]
  0x0000023575c088f0 GCTaskThread "GC Thread#4" [stack: 0x000000ed2fe00000,0x000000ed2ff00000] [id=30012]
  0x0000023575c08ba0 GCTaskThread "GC Thread#5" [stack: 0x000000ed2ff00000,0x000000ed30000000] [id=32724]
  0x0000023575895750 GCTaskThread "GC Thread#6" [stack: 0x000000ed30f00000,0x000000ed31000000] [id=29132]
  0x0000023575895cb0 GCTaskThread "GC Thread#7" [stack: 0x000000ed31000000,0x000000ed31100000] [id=45892]
  0x0000023559a2e8b0 ConcurrentGCThread "G1 Main Marker" [stack: 0x000000ed2e900000,0x000000ed2ea00000] [id=38180]
  0x0000023559a2f2c0 ConcurrentGCThread "G1 Conc#0" [stack: 0x000000ed2ea00000,0x000000ed2eb00000] [id=40444]
  0x00000235758964c0 ConcurrentGCThread "G1 Conc#1" [stack: 0x000000ed31300000,0x000000ed31400000] [id=39532]
  0x0000023559abe480 ConcurrentGCThread "G1 Refine#0" [stack: 0x000000ed2eb00000,0x000000ed2ec00000] [id=29800]
  0x000002357416c540 ConcurrentGCThread "G1 Service" [stack: 0x000000ed2ec00000,0x000000ed2ed00000] [id=35616]

Threads with active compile tasks:
C2 CompilerThread0    11941 4385       4       org.gradle.internal.service.DefaultServiceRegistry$OwnServices::getService (309 bytes)
C2 CompilerThread1    11941 4290       4       groovy.lang.MetaClassImpl$1MOPIter::methodNameAction (325 bytes)

VM state: not at safepoint (normal execution)

VM Mutex/Monitor currently owned by a thread: None

Heap address: 0x00000000e0000000, size: 512 MB, Compressed Oops mode: 32-bit

CDS archive(s) mapped at: [0x0000000800000000-0x0000000800bc0000-0x0000000800bc0000), size 12320768, SharedBaseAddress: 0x0000000800000000, ArchiveRelocationMode: 0.
Compressed class space mapped at: 0x0000000800c00000-0x0000000814000000, reserved size: 322961408
Narrow klass base: 0x0000000800000000, Narrow klass shift: 0, Narrow klass range: 0x100000000

GC Precious Log:
 CPUs: 8 total, 8 available
 Memory: 16165M
 Large Page Support: Disabled
 NUMA Support: Disabled
 Compressed Oops: Enabled (32-bit)
 Heap Region Size: 1M
 Heap Min Capacity: 256M
 Heap Initial Capacity: 256M
 Heap Max Capacity: 512M
 Pre-touch: Disabled
 Parallel Workers: 8
 Concurrent Workers: 2
 Concurrent Refinement Workers: 8
 Periodic GC: Disabled

Heap:
 garbage-first heap   total 262144K, used 45343K [0x00000000e0000000, 0x0000000100000000)
  region size 1024K, 14 young (14336K), 1 survivors (1024K)
 Metaspace       used 37061K, committed 37440K, reserved 348160K
  class space    used 5172K, committed 5376K, reserved 315392K

Heap Regions: E=young(eden), S=young(survivor), O=old, HS=humongous(starts), HC=humongous(continues), CS=collection set, F=free, OA=open archive, CA=closed archive, TAMS=top-at-mark-start (previous, next)
|   0|0x00000000e0000000, 0x00000000e0100000, 0x00000000e0100000|100%|HS|  |TAMS 0x00000000e0100000, 0x00000000e0000000| Complete 
|   1|0x00000000e0100000, 0x00000000e0200000, 0x00000000e0200000|100%|HC|  |TAMS 0x00000000e0200000, 0x00000000e0100000| Complete 
|   2|0x00000000e0200000, 0x00000000e0300000, 0x00000000e0300000|100%|HC|  |TAMS 0x00000000e0300000, 0x00000000e0200000| Complete 
|   3|0x00000000e0300000, 0x00000000e0400000, 0x00000000e0400000|100%|HC|  |TAMS 0x00000000e0400000, 0x00000000e0300000| Complete 
|   4|0x00000000e0400000, 0x00000000e0500000, 0x00000000e0500000|100%| O|  |TAMS 0x00000000e0500000, 0x00000000e0400000| Untracked 
|   5|0x00000000e0500000, 0x00000000e0600000, 0x00000000e0600000|100%| O|  |TAMS 0x00000000e0600000, 0x00000000e0500000| Untracked 
|   6|0x00000000e0600000, 0x00000000e0700000, 0x00000000e0700000|100%| O|  |TAMS 0x00000000e0700000, 0x00000000e0600000| Untracked 
|   7|0x00000000e0700000, 0x00000000e0800000, 0x00000000e0800000|100%| O|  |TAMS 0x00000000e0800000, 0x00000000e0700000| Untracked 
|   8|0x00000000e0800000, 0x00000000e0900000, 0x00000000e0900000|100%| O|  |TAMS 0x00000000e0900000, 0x00000000e0800000| Untracked 
|   9|0x00000000e0900000, 0x00000000e0900000, 0x00000000e0a00000|  0%| F|  |TAMS 0x00000000e0900000, 0x00000000e0900000| Untracked 
|  10|0x00000000e0a00000, 0x00000000e0b00000, 0x00000000e0b00000|100%| O|  |TAMS 0x00000000e0b00000, 0x00000000e0a00000| Untracked 
|  11|0x00000000e0b00000, 0x00000000e0c00000, 0x00000000e0c00000|100%|HS|  |TAMS 0x00000000e0c00000, 0x00000000e0b00000| Complete 
|  12|0x00000000e0c00000, 0x00000000e0d00000, 0x00000000e0d00000|100%| O|  |TAMS 0x00000000e0d00000, 0x00000000e0c00000| Untracked 
|  13|0x00000000e0d00000, 0x00000000e0e00000, 0x00000000e0e00000|100%| O|  |TAMS 0x00000000e0e00000, 0x00000000e0d00000| Untracked 
|  14|0x00000000e0e00000, 0x00000000e0f00000, 0x00000000e0f00000|100%| O|  |TAMS 0x00000000e0f00000, 0x00000000e0e00000| Untracked 
|  15|0x00000000e0f00000, 0x00000000e1000000, 0x00000000e1000000|100%| O|  |TAMS 0x00000000e1000000, 0x00000000e0f00000| Untracked 
|  16|0x00000000e1000000, 0x00000000e1100000, 0x00000000e1100000|100%| O|  |TAMS 0x00000000e1100000, 0x00000000e1000000| Untracked 
|  17|0x00000000e1100000, 0x00000000e1200000, 0x00000000e1200000|100%| O|  |TAMS 0x00000000e1200000, 0x00000000e1100000| Untracked 
|  18|0x00000000e1200000, 0x00000000e1300000, 0x00000000e1300000|100%| O|  |TAMS 0x00000000e1300000, 0x00000000e1200000| Untracked 
|  19|0x00000000e1300000, 0x00000000e1400000, 0x00000000e1400000|100%| O|  |TAMS 0x00000000e1400000, 0x00000000e1300000| Untracked 
|  20|0x00000000e1400000, 0x00000000e1500000, 0x00000000e1500000|100%| O|  |TAMS 0x00000000e1500000, 0x00000000e1400000| Untracked 
|  21|0x00000000e1500000, 0x00000000e1600000, 0x00000000e1600000|100%| O|  |TAMS 0x00000000e1600000, 0x00000000e1500000| Untracked 
|  22|0x00000000e1600000, 0x00000000e1700000, 0x00000000e1700000|100%| O|  |TAMS 0x00000000e1700000, 0x00000000e1600000| Untracked 
|  23|0x00000000e1700000, 0x00000000e1800000, 0x00000000e1800000|100%| O|  |TAMS 0x00000000e1800000, 0x00000000e1700000| Untracked 
|  24|0x00000000e1800000, 0x00000000e1900000, 0x00000000e1900000|100%| O|  |TAMS 0x00000000e1900000, 0x00000000e1800000| Untracked 
|  25|0x00000000e1900000, 0x00000000e1a00000, 0x00000000e1a00000|100%| O|  |TAMS 0x00000000e1a00000, 0x00000000e1900000| Untracked 
|  26|0x00000000e1a00000, 0x00000000e1b00000, 0x00000000e1b00000|100%| O|  |TAMS 0x00000000e1b00000, 0x00000000e1a00000| Untracked 
|  27|0x00000000e1b00000, 0x00000000e1c00000, 0x00000000e1c00000|100%| O|  |TAMS 0x00000000e1c00000, 0x00000000e1b00000| Untracked 
|  28|0x00000000e1c00000, 0x00000000e1d00000, 0x00000000e1d00000|100%| O|  |TAMS 0x00000000e1d00000, 0x00000000e1c00000| Untracked 
|  29|0x00000000e1d00000, 0x00000000e1e00000, 0x00000000e1e00000|100%| O|  |TAMS 0x00000000e1e00000, 0x00000000e1d00000| Untracked 
|  30|0x00000000e1e00000, 0x00000000e1f00000, 0x00000000e1f00000|100%| O|  |TAMS 0x00000000e1f00000, 0x00000000e1e00000| Untracked 
|  31|0x00000000e1f00000, 0x00000000e2000000, 0x00000000e2000000|100%| O|  |TAMS 0x00000000e2000000, 0x00000000e1f00000| Untracked 
|  32|0x00000000e2000000, 0x00000000e20f6800, 0x00000000e2100000| 96%| O|  |TAMS 0x00000000e20f6800, 0x00000000e2000000| Untracked 
|  33|0x00000000e2100000, 0x00000000e2100000, 0x00000000e2200000|  0%| F|  |TAMS 0x00000000e2100000, 0x00000000e2100000| Untracked 
|  34|0x00000000e2200000, 0x00000000e2200000, 0x00000000e2300000|  0%| F|  |TAMS 0x00000000e2200000, 0x00000000e2200000| Untracked 
|  35|0x00000000e2300000, 0x00000000e2300000, 0x00000000e2400000|  0%| F|  |TAMS 0x00000000e2300000, 0x00000000e2300000| Untracked 
|  36|0x00000000e2400000, 0x00000000e2400000, 0x00000000e2500000|  0%| F|  |TAMS 0x00000000e2400000, 0x00000000e2400000| Untracked 
|  37|0x00000000e2500000, 0x00000000e2500000, 0x00000000e2600000|  0%| F|  |TAMS 0x00000000e2500000, 0x00000000e2500000| Untracked 
|  38|0x00000000e2600000, 0x00000000e2600000, 0x00000000e2700000|  0%| F|  |TAMS 0x00000000e2600000, 0x00000000e2600000| Untracked 
|  39|0x00000000e2700000, 0x00000000e2700000, 0x00000000e2800000|  0%| F|  |TAMS 0x00000000e2700000, 0x00000000e2700000| Untracked 
|  40|0x00000000e2800000, 0x00000000e2800000, 0x00000000e2900000|  0%| F|  |TAMS 0x00000000e2800000, 0x00000000e2800000| Untracked 
|  41|0x00000000e2900000, 0x00000000e2900000, 0x00000000e2a00000|  0%| F|  |TAMS 0x00000000e2900000, 0x00000000e2900000| Untracked 
|  42|0x00000000e2a00000, 0x00000000e2a00000, 0x00000000e2b00000|  0%| F|  |TAMS 0x00000000e2a00000, 0x00000000e2a00000| Untracked 
|  43|0x00000000e2b00000, 0x00000000e2b00000, 0x00000000e2c00000|  0%| F|  |TAMS 0x00000000e2b00000, 0x00000000e2b00000| Untracked 
|  44|0x00000000e2c00000, 0x00000000e2c00000, 0x00000000e2d00000|  0%| F|  |TAMS 0x00000000e2c00000, 0x00000000e2c00000| Untracked 
|  45|0x00000000e2d00000, 0x00000000e2d00000, 0x00000000e2e00000|  0%| F|  |TAMS 0x00000000e2d00000, 0x00000000e2d00000| Untracked 
|  46|0x00000000e2e00000, 0x00000000e2e00000, 0x00000000e2f00000|  0%| F|  |TAMS 0x00000000e2e00000, 0x00000000e2e00000| Untracked 
|  47|0x00000000e2f00000, 0x00000000e2f00000, 0x00000000e3000000|  0%| F|  |TAMS 0x00000000e2f00000, 0x00000000e2f00000| Untracked 
|  48|0x00000000e3000000, 0x00000000e3000000, 0x00000000e3100000|  0%| F|  |TAMS 0x00000000e3000000, 0x00000000e3000000| Untracked 
|  49|0x00000000e3100000, 0x00000000e3100000, 0x00000000e3200000|  0%| F|  |TAMS 0x00000000e3100000, 0x00000000e3100000| Untracked 
|  50|0x00000000e3200000, 0x00000000e3200000, 0x00000000e3300000|  0%| F|  |TAMS 0x00000000e3200000, 0x00000000e3200000| Untracked 
|  51|0x00000000e3300000, 0x00000000e3300000, 0x00000000e3400000|  0%| F|  |TAMS 0x00000000e3300000, 0x00000000e3300000| Untracked 
|  52|0x00000000e3400000, 0x00000000e3400000, 0x00000000e3500000|  0%| F|  |TAMS 0x00000000e3400000, 0x00000000e3400000| Untracked 
|  53|0x00000000e3500000, 0x00000000e3500000, 0x00000000e3600000|  0%| F|  |TAMS 0x00000000e3500000, 0x00000000e3500000| Untracked 
|  54|0x00000000e3600000, 0x00000000e3600000, 0x00000000e3700000|  0%| F|  |TAMS 0x00000000e3600000, 0x00000000e3600000| Untracked 
|  55|0x00000000e3700000, 0x00000000e3700000, 0x00000000e3800000|  0%| F|  |TAMS 0x00000000e3700000, 0x00000000e3700000| Untracked 
|  56|0x00000000e3800000, 0x00000000e3800000, 0x00000000e3900000|  0%| F|  |TAMS 0x00000000e3800000, 0x00000000e3800000| Untracked 
|  57|0x00000000e3900000, 0x00000000e3900000, 0x00000000e3a00000|  0%| F|  |TAMS 0x00000000e3900000, 0x00000000e3900000| Untracked 
|  58|0x00000000e3a00000, 0x00000000e3a00000, 0x00000000e3b00000|  0%| F|  |TAMS 0x00000000e3a00000, 0x00000000e3a00000| Untracked 
|  59|0x00000000e3b00000, 0x00000000e3b00000, 0x00000000e3c00000|  0%| F|  |TAMS 0x00000000e3b00000, 0x00000000e3b00000| Untracked 
|  60|0x00000000e3c00000, 0x00000000e3c00000, 0x00000000e3d00000|  0%| F|  |TAMS 0x00000000e3c00000, 0x00000000e3c00000| Untracked 
|  61|0x00000000e3d00000, 0x00000000e3d00000, 0x00000000e3e00000|  0%| F|  |TAMS 0x00000000e3d00000, 0x00000000e3d00000| Untracked 
|  62|0x00000000e3e00000, 0x00000000e3e00000, 0x00000000e3f00000|  0%| F|  |TAMS 0x00000000e3e00000, 0x00000000e3e00000| Untracked 
|  63|0x00000000e3f00000, 0x00000000e3f00000, 0x00000000e4000000|  0%| F|  |TAMS 0x00000000e3f00000, 0x00000000e3f00000| Untracked 
|  64|0x00000000e4000000, 0x00000000e4000000, 0x00000000e4100000|  0%| F|  |TAMS 0x00000000e4000000, 0x00000000e4000000| Untracked 
|  65|0x00000000e4100000, 0x00000000e4100000, 0x00000000e4200000|  0%| F|  |TAMS 0x00000000e4100000, 0x00000000e4100000| Untracked 
|  66|0x00000000e4200000, 0x00000000e4200000, 0x00000000e4300000|  0%| F|  |TAMS 0x00000000e4200000, 0x00000000e4200000| Untracked 
|  67|0x00000000e4300000, 0x00000000e4300000, 0x00000000e4400000|  0%| F|  |TAMS 0x00000000e4300000, 0x00000000e4300000| Untracked 
|  68|0x00000000e4400000, 0x00000000e4400000, 0x00000000e4500000|  0%| F|  |TAMS 0x00000000e4400000, 0x00000000e4400000| Untracked 
|  69|0x00000000e4500000, 0x00000000e4500000, 0x00000000e4600000|  0%| F|  |TAMS 0x00000000e4500000, 0x00000000e4500000| Untracked 
|  70|0x00000000e4600000, 0x00000000e4600000, 0x00000000e4700000|  0%| F|  |TAMS 0x00000000e4600000, 0x00000000e4600000| Untracked 
|  71|0x00000000e4700000, 0x00000000e4700000, 0x00000000e4800000|  0%| F|  |TAMS 0x00000000e4700000, 0x00000000e4700000| Untracked 
|  72|0x00000000e4800000, 0x00000000e4800000, 0x00000000e4900000|  0%| F|  |TAMS 0x00000000e4800000, 0x00000000e4800000| Untracked 
|  73|0x00000000e4900000, 0x00000000e4900000, 0x00000000e4a00000|  0%| F|  |TAMS 0x00000000e4900000, 0x00000000e4900000| Untracked 
|  74|0x00000000e4a00000, 0x00000000e4a00000, 0x00000000e4b00000|  0%| F|  |TAMS 0x00000000e4a00000, 0x00000000e4a00000| Untracked 
|  75|0x00000000e4b00000, 0x00000000e4b00000, 0x00000000e4c00000|  0%| F|  |TAMS 0x00000000e4b00000, 0x00000000e4b00000| Untracked 
|  76|0x00000000e4c00000, 0x00000000e4c00000, 0x00000000e4d00000|  0%| F|  |TAMS 0x00000000e4c00000, 0x00000000e4c00000| Untracked 
|  77|0x00000000e4d00000, 0x00000000e4d00000, 0x00000000e4e00000|  0%| F|  |TAMS 0x00000000e4d00000, 0x00000000e4d00000| Untracked 
|  78|0x00000000e4e00000, 0x00000000e4e00000, 0x00000000e4f00000|  0%| F|  |TAMS 0x00000000e4e00000, 0x00000000e4e00000| Untracked 
|  79|0x00000000e4f00000, 0x00000000e4f00000, 0x00000000e5000000|  0%| F|  |TAMS 0x00000000e4f00000, 0x00000000e4f00000| Untracked 
|  80|0x00000000e5000000, 0x00000000e5000000, 0x00000000e5100000|  0%| F|  |TAMS 0x00000000e5000000, 0x00000000e5000000| Untracked 
|  81|0x00000000e5100000, 0x00000000e5100000, 0x00000000e5200000|  0%| F|  |TAMS 0x00000000e5100000, 0x00000000e5100000| Untracked 
|  82|0x00000000e5200000, 0x00000000e5200000, 0x00000000e5300000|  0%| F|  |TAMS 0x00000000e5200000, 0x00000000e5200000| Untracked 
|  83|0x00000000e5300000, 0x00000000e5300000, 0x00000000e5400000|  0%| F|  |TAMS 0x00000000e5300000, 0x00000000e5300000| Untracked 
|  84|0x00000000e5400000, 0x00000000e5400000, 0x00000000e5500000|  0%| F|  |TAMS 0x00000000e5400000, 0x00000000e5400000| Untracked 
|  85|0x00000000e5500000, 0x00000000e5500000, 0x00000000e5600000|  0%| F|  |TAMS 0x00000000e5500000, 0x00000000e5500000| Untracked 
|  86|0x00000000e5600000, 0x00000000e5600000, 0x00000000e5700000|  0%| F|  |TAMS 0x00000000e5600000, 0x00000000e5600000| Untracked 
|  87|0x00000000e5700000, 0x00000000e5700000, 0x00000000e5800000|  0%| F|  |TAMS 0x00000000e5700000, 0x00000000e5700000| Untracked 
|  88|0x00000000e5800000, 0x00000000e5800000, 0x00000000e5900000|  0%| F|  |TAMS 0x00000000e5800000, 0x00000000e5800000| Untracked 
|  89|0x00000000e5900000, 0x00000000e5900000, 0x00000000e5a00000|  0%| F|  |TAMS 0x00000000e5900000, 0x00000000e5900000| Untracked 
|  90|0x00000000e5a00000, 0x00000000e5a00000, 0x00000000e5b00000|  0%| F|  |TAMS 0x00000000e5a00000, 0x00000000e5a00000| Untracked 
|  91|0x00000000e5b00000, 0x00000000e5b00000, 0x00000000e5c00000|  0%| F|  |TAMS 0x00000000e5b00000, 0x00000000e5b00000| Untracked 
|  92|0x00000000e5c00000, 0x00000000e5c00000, 0x00000000e5d00000|  0%| F|  |TAMS 0x00000000e5c00000, 0x00000000e5c00000| Untracked 
|  93|0x00000000e5d00000, 0x00000000e5d00000, 0x00000000e5e00000|  0%| F|  |TAMS 0x00000000e5d00000, 0x00000000e5d00000| Untracked 
|  94|0x00000000e5e00000, 0x00000000e5e00000, 0x00000000e5f00000|  0%| F|  |TAMS 0x00000000e5e00000, 0x00000000e5e00000| Untracked 
|  95|0x00000000e5f00000, 0x00000000e5f00000, 0x00000000e6000000|  0%| F|  |TAMS 0x00000000e5f00000, 0x00000000e5f00000| Untracked 
|  96|0x00000000e6000000, 0x00000000e6000000, 0x00000000e6100000|  0%| F|  |TAMS 0x00000000e6000000, 0x00000000e6000000| Untracked 
|  97|0x00000000e6100000, 0x00000000e6100000, 0x00000000e6200000|  0%| F|  |TAMS 0x00000000e6100000, 0x00000000e6100000| Untracked 
|  98|0x00000000e6200000, 0x00000000e6200000, 0x00000000e6300000|  0%| F|  |TAMS 0x00000000e6200000, 0x00000000e6200000| Untracked 
|  99|0x00000000e6300000, 0x00000000e6300000, 0x00000000e6400000|  0%| F|  |TAMS 0x00000000e6300000, 0x00000000e6300000| Untracked 
| 100|0x00000000e6400000, 0x00000000e6400000, 0x00000000e6500000|  0%| F|  |TAMS 0x00000000e6400000, 0x00000000e6400000| Untracked 
| 101|0x00000000e6500000, 0x00000000e6500000, 0x00000000e6600000|  0%| F|  |TAMS 0x00000000e6500000, 0x00000000e6500000| Untracked 
| 102|0x00000000e6600000, 0x00000000e6600000, 0x00000000e6700000|  0%| F|  |TAMS 0x00000000e6600000, 0x00000000e6600000| Untracked 
| 103|0x00000000e6700000, 0x00000000e6700000, 0x00000000e6800000|  0%| F|  |TAMS 0x00000000e6700000, 0x00000000e6700000| Untracked 
| 104|0x00000000e6800000, 0x00000000e6800000, 0x00000000e6900000|  0%| F|  |TAMS 0x00000000e6800000, 0x00000000e6800000| Untracked 
| 105|0x00000000e6900000, 0x00000000e6900000, 0x00000000e6a00000|  0%| F|  |TAMS 0x00000000e6900000, 0x00000000e6900000| Untracked 
| 106|0x00000000e6a00000, 0x00000000e6a00000, 0x00000000e6b00000|  0%| F|  |TAMS 0x00000000e6a00000, 0x00000000e6a00000| Untracked 
| 107|0x00000000e6b00000, 0x00000000e6b00000, 0x00000000e6c00000|  0%| F|  |TAMS 0x00000000e6b00000, 0x00000000e6b00000| Untracked 
| 108|0x00000000e6c00000, 0x00000000e6c00000, 0x00000000e6d00000|  0%| F|  |TAMS 0x00000000e6c00000, 0x00000000e6c00000| Untracked 
| 109|0x00000000e6d00000, 0x00000000e6d00000, 0x00000000e6e00000|  0%| F|  |TAMS 0x00000000e6d00000, 0x00000000e6d00000| Untracked 
| 110|0x00000000e6e00000, 0x00000000e6e00000, 0x00000000e6f00000|  0%| F|  |TAMS 0x00000000e6e00000, 0x00000000e6e00000| Untracked 
| 111|0x00000000e6f00000, 0x00000000e6f00000, 0x00000000e7000000|  0%| F|  |TAMS 0x00000000e6f00000, 0x00000000e6f00000| Untracked 
| 112|0x00000000e7000000, 0x00000000e7000000, 0x00000000e7100000|  0%| F|  |TAMS 0x00000000e7000000, 0x00000000e7000000| Untracked 
| 113|0x00000000e7100000, 0x00000000e7100000, 0x00000000e7200000|  0%| F|  |TAMS 0x00000000e7100000, 0x00000000e7100000| Untracked 
| 114|0x00000000e7200000, 0x00000000e7200000, 0x00000000e7300000|  0%| F|  |TAMS 0x00000000e7200000, 0x00000000e7200000| Untracked 
| 115|0x00000000e7300000, 0x00000000e7300000, 0x00000000e7400000|  0%| F|  |TAMS 0x00000000e7300000, 0x00000000e7300000| Untracked 
| 116|0x00000000e7400000, 0x00000000e7400000, 0x00000000e7500000|  0%| F|  |TAMS 0x00000000e7400000, 0x00000000e7400000| Untracked 
| 117|0x00000000e7500000, 0x00000000e7500000, 0x00000000e7600000|  0%| F|  |TAMS 0x00000000e7500000, 0x00000000e7500000| Untracked 
| 118|0x00000000e7600000, 0x00000000e7600000, 0x00000000e7700000|  0%| F|  |TAMS 0x00000000e7600000, 0x00000000e7600000| Untracked 
| 119|0x00000000e7700000, 0x00000000e7700000, 0x00000000e7800000|  0%| F|  |TAMS 0x00000000e7700000, 0x00000000e7700000| Untracked 
| 120|0x00000000e7800000, 0x00000000e7800000, 0x00000000e7900000|  0%| F|  |TAMS 0x00000000e7800000, 0x00000000e7800000| Untracked 
| 121|0x00000000e7900000, 0x00000000e7900000, 0x00000000e7a00000|  0%| F|  |TAMS 0x00000000e7900000, 0x00000000e7900000| Untracked 
| 122|0x00000000e7a00000, 0x00000000e7a00000, 0x00000000e7b00000|  0%| F|  |TAMS 0x00000000e7a00000, 0x00000000e7a00000| Untracked 
| 123|0x00000000e7b00000, 0x00000000e7b00000, 0x00000000e7c00000|  0%| F|  |TAMS 0x00000000e7b00000, 0x00000000e7b00000| Untracked 
| 124|0x00000000e7c00000, 0x00000000e7c00000, 0x00000000e7d00000|  0%| F|  |TAMS 0x00000000e7c00000, 0x00000000e7c00000| Untracked 
| 125|0x00000000e7d00000, 0x00000000e7d00000, 0x00000000e7e00000|  0%| F|  |TAMS 0x00000000e7d00000, 0x00000000e7d00000| Untracked 
| 126|0x00000000e7e00000, 0x00000000e7e00000, 0x00000000e7f00000|  0%| F|  |TAMS 0x00000000e7e00000, 0x00000000e7e00000| Untracked 
| 127|0x00000000e7f00000, 0x00000000e7f00000, 0x00000000e8000000|  0%| F|  |TAMS 0x00000000e7f00000, 0x00000000e7f00000| Untracked 
| 128|0x00000000e8000000, 0x00000000e8000000, 0x00000000e8100000|  0%| F|  |TAMS 0x00000000e8000000, 0x00000000e8000000| Untracked 
| 129|0x00000000e8100000, 0x00000000e8100000, 0x00000000e8200000|  0%| F|  |TAMS 0x00000000e8100000, 0x00000000e8100000| Untracked 
| 130|0x00000000e8200000, 0x00000000e8200000, 0x00000000e8300000|  0%| F|  |TAMS 0x00000000e8200000, 0x00000000e8200000| Untracked 
| 131|0x00000000e8300000, 0x00000000e8300000, 0x00000000e8400000|  0%| F|  |TAMS 0x00000000e8300000, 0x00000000e8300000| Untracked 
| 132|0x00000000e8400000, 0x00000000e8400000, 0x00000000e8500000|  0%| F|  |TAMS 0x00000000e8400000, 0x00000000e8400000| Untracked 
| 133|0x00000000e8500000, 0x00000000e8500000, 0x00000000e8600000|  0%| F|  |TAMS 0x00000000e8500000, 0x00000000e8500000| Untracked 
| 134|0x00000000e8600000, 0x00000000e8600000, 0x00000000e8700000|  0%| F|  |TAMS 0x00000000e8600000, 0x00000000e8600000| Untracked 
| 135|0x00000000e8700000, 0x00000000e8700000, 0x00000000e8800000|  0%| F|  |TAMS 0x00000000e8700000, 0x00000000e8700000| Untracked 
| 136|0x00000000e8800000, 0x00000000e8800000, 0x00000000e8900000|  0%| F|  |TAMS 0x00000000e8800000, 0x00000000e8800000| Untracked 
| 137|0x00000000e8900000, 0x00000000e8900000, 0x00000000e8a00000|  0%| F|  |TAMS 0x00000000e8900000, 0x00000000e8900000| Untracked 
| 138|0x00000000e8a00000, 0x00000000e8a00000, 0x00000000e8b00000|  0%| F|  |TAMS 0x00000000e8a00000, 0x00000000e8a00000| Untracked 
| 139|0x00000000e8b00000, 0x00000000e8b00000, 0x00000000e8c00000|  0%| F|  |TAMS 0x00000000e8b00000, 0x00000000e8b00000| Untracked 
| 140|0x00000000e8c00000, 0x00000000e8c00000, 0x00000000e8d00000|  0%| F|  |TAMS 0x00000000e8c00000, 0x00000000e8c00000| Untracked 
| 141|0x00000000e8d00000, 0x00000000e8d00000, 0x00000000e8e00000|  0%| F|  |TAMS 0x00000000e8d00000, 0x00000000e8d00000| Untracked 
| 142|0x00000000e8e00000, 0x00000000e8e00000, 0x00000000e8f00000|  0%| F|  |TAMS 0x00000000e8e00000, 0x00000000e8e00000| Untracked 
| 143|0x00000000e8f00000, 0x00000000e8f00000, 0x00000000e9000000|  0%| F|  |TAMS 0x00000000e8f00000, 0x00000000e8f00000| Untracked 
| 144|0x00000000e9000000, 0x00000000e9000000, 0x00000000e9100000|  0%| F|  |TAMS 0x00000000e9000000, 0x00000000e9000000| Untracked 
| 145|0x00000000e9100000, 0x00000000e9100000, 0x00000000e9200000|  0%| F|  |TAMS 0x00000000e9100000, 0x00000000e9100000| Untracked 
| 146|0x00000000e9200000, 0x00000000e9200000, 0x00000000e9300000|  0%| F|  |TAMS 0x00000000e9200000, 0x00000000e9200000| Untracked 
| 147|0x00000000e9300000, 0x00000000e9300000, 0x00000000e9400000|  0%| F|  |TAMS 0x00000000e9300000, 0x00000000e9300000| Untracked 
| 148|0x00000000e9400000, 0x00000000e9400000, 0x00000000e9500000|  0%| F|  |TAMS 0x00000000e9400000, 0x00000000e9400000| Untracked 
| 149|0x00000000e9500000, 0x00000000e9500000, 0x00000000e9600000|  0%| F|  |TAMS 0x00000000e9500000, 0x00000000e9500000| Untracked 
| 150|0x00000000e9600000, 0x00000000e9600000, 0x00000000e9700000|  0%| F|  |TAMS 0x00000000e9600000, 0x00000000e9600000| Untracked 
| 151|0x00000000e9700000, 0x00000000e9700000, 0x00000000e9800000|  0%| F|  |TAMS 0x00000000e9700000, 0x00000000e9700000| Untracked 
| 152|0x00000000e9800000, 0x00000000e9800000, 0x00000000e9900000|  0%| F|  |TAMS 0x00000000e9800000, 0x00000000e9800000| Untracked 
| 153|0x00000000e9900000, 0x00000000e9900000, 0x00000000e9a00000|  0%| F|  |TAMS 0x00000000e9900000, 0x00000000e9900000| Untracked 
| 154|0x00000000e9a00000, 0x00000000e9a00000, 0x00000000e9b00000|  0%| F|  |TAMS 0x00000000e9a00000, 0x00000000e9a00000| Untracked 
| 155|0x00000000e9b00000, 0x00000000e9b00000, 0x00000000e9c00000|  0%| F|  |TAMS 0x00000000e9b00000, 0x00000000e9b00000| Untracked 
| 156|0x00000000e9c00000, 0x00000000e9c00000, 0x00000000e9d00000|  0%| F|  |TAMS 0x00000000e9c00000, 0x00000000e9c00000| Untracked 
| 157|0x00000000e9d00000, 0x00000000e9d00000, 0x00000000e9e00000|  0%| F|  |TAMS 0x00000000e9d00000, 0x00000000e9d00000| Untracked 
| 158|0x00000000e9e00000, 0x00000000e9e00000, 0x00000000e9f00000|  0%| F|  |TAMS 0x00000000e9e00000, 0x00000000e9e00000| Untracked 
| 159|0x00000000e9f00000, 0x00000000e9f00000, 0x00000000ea000000|  0%| F|  |TAMS 0x00000000e9f00000, 0x00000000e9f00000| Untracked 
| 160|0x00000000ea000000, 0x00000000ea000000, 0x00000000ea100000|  0%| F|  |TAMS 0x00000000ea000000, 0x00000000ea000000| Untracked 
| 161|0x00000000ea100000, 0x00000000ea100000, 0x00000000ea200000|  0%| F|  |TAMS 0x00000000ea100000, 0x00000000ea100000| Untracked 
| 162|0x00000000ea200000, 0x00000000ea200000, 0x00000000ea300000|  0%| F|  |TAMS 0x00000000ea200000, 0x00000000ea200000| Untracked 
| 163|0x00000000ea300000, 0x00000000ea300000, 0x00000000ea400000|  0%| F|  |TAMS 0x00000000ea300000, 0x00000000ea300000| Untracked 
| 164|0x00000000ea400000, 0x00000000ea400000, 0x00000000ea500000|  0%| F|  |TAMS 0x00000000ea400000, 0x00000000ea400000| Untracked 
| 165|0x00000000ea500000, 0x00000000ea500000, 0x00000000ea600000|  0%| F|  |TAMS 0x00000000ea500000, 0x00000000ea500000| Untracked 
| 166|0x00000000ea600000, 0x00000000ea600000, 0x00000000ea700000|  0%| F|  |TAMS 0x00000000ea600000, 0x00000000ea600000| Untracked 
| 167|0x00000000ea700000, 0x00000000ea700000, 0x00000000ea800000|  0%| F|  |TAMS 0x00000000ea700000, 0x00000000ea700000| Untracked 
| 168|0x00000000ea800000, 0x00000000ea800000, 0x00000000ea900000|  0%| F|  |TAMS 0x00000000ea800000, 0x00000000ea800000| Untracked 
| 169|0x00000000ea900000, 0x00000000ea900000, 0x00000000eaa00000|  0%| F|  |TAMS 0x00000000ea900000, 0x00000000ea900000| Untracked 
| 170|0x00000000eaa00000, 0x00000000eaa00000, 0x00000000eab00000|  0%| F|  |TAMS 0x00000000eaa00000, 0x00000000eaa00000| Untracked 
| 171|0x00000000eab00000, 0x00000000eab00000, 0x00000000eac00000|  0%| F|  |TAMS 0x00000000eab00000, 0x00000000eab00000| Untracked 
| 172|0x00000000eac00000, 0x00000000eac00000, 0x00000000ead00000|  0%| F|  |TAMS 0x00000000eac00000, 0x00000000eac00000| Untracked 
| 173|0x00000000ead00000, 0x00000000ead00000, 0x00000000eae00000|  0%| F|  |TAMS 0x00000000ead00000, 0x00000000ead00000| Untracked 
| 174|0x00000000eae00000, 0x00000000eae00000, 0x00000000eaf00000|  0%| F|  |TAMS 0x00000000eae00000, 0x00000000eae00000| Untracked 
| 175|0x00000000eaf00000, 0x00000000eaf00000, 0x00000000eb000000|  0%| F|  |TAMS 0x00000000eaf00000, 0x00000000eaf00000| Untracked 
| 176|0x00000000eb000000, 0x00000000eb000000, 0x00000000eb100000|  0%| F|  |TAMS 0x00000000eb000000, 0x00000000eb000000| Untracked 
| 177|0x00000000eb100000, 0x00000000eb100000, 0x00000000eb200000|  0%| F|  |TAMS 0x00000000eb100000, 0x00000000eb100000| Untracked 
| 178|0x00000000eb200000, 0x00000000eb200000, 0x00000000eb300000|  0%| F|  |TAMS 0x00000000eb200000, 0x00000000eb200000| Untracked 
| 179|0x00000000eb300000, 0x00000000eb300000, 0x00000000eb400000|  0%| F|  |TAMS 0x00000000eb300000, 0x00000000eb300000| Untracked 
| 180|0x00000000eb400000, 0x00000000eb400000, 0x00000000eb500000|  0%| F|  |TAMS 0x00000000eb400000, 0x00000000eb400000| Untracked 
| 181|0x00000000eb500000, 0x00000000eb500000, 0x00000000eb600000|  0%| F|  |TAMS 0x00000000eb500000, 0x00000000eb500000| Untracked 
| 182|0x00000000eb600000, 0x00000000eb600000, 0x00000000eb700000|  0%| F|  |TAMS 0x00000000eb600000, 0x00000000eb600000| Untracked 
| 183|0x00000000eb700000, 0x00000000eb700000, 0x00000000eb800000|  0%| F|  |TAMS 0x00000000eb700000, 0x00000000eb700000| Untracked 
| 184|0x00000000eb800000, 0x00000000eb800000, 0x00000000eb900000|  0%| F|  |TAMS 0x00000000eb800000, 0x00000000eb800000| Untracked 
| 185|0x00000000eb900000, 0x00000000eb900000, 0x00000000eba00000|  0%| F|  |TAMS 0x00000000eb900000, 0x00000000eb900000| Untracked 
| 186|0x00000000eba00000, 0x00000000eba00000, 0x00000000ebb00000|  0%| F|  |TAMS 0x00000000eba00000, 0x00000000eba00000| Untracked 
| 187|0x00000000ebb00000, 0x00000000ebb00000, 0x00000000ebc00000|  0%| F|  |TAMS 0x00000000ebb00000, 0x00000000ebb00000| Untracked 
| 188|0x00000000ebc00000, 0x00000000ebc00000, 0x00000000ebd00000|  0%| F|  |TAMS 0x00000000ebc00000, 0x00000000ebc00000| Untracked 
| 189|0x00000000ebd00000, 0x00000000ebd00000, 0x00000000ebe00000|  0%| F|  |TAMS 0x00000000ebd00000, 0x00000000ebd00000| Untracked 
| 190|0x00000000ebe00000, 0x00000000ebe00000, 0x00000000ebf00000|  0%| F|  |TAMS 0x00000000ebe00000, 0x00000000ebe00000| Untracked 
| 191|0x00000000ebf00000, 0x00000000ebf00000, 0x00000000ec000000|  0%| F|  |TAMS 0x00000000ebf00000, 0x00000000ebf00000| Untracked 
| 192|0x00000000ec000000, 0x00000000ec000000, 0x00000000ec100000|  0%| F|  |TAMS 0x00000000ec000000, 0x00000000ec000000| Untracked 
| 193|0x00000000ec100000, 0x00000000ec100000, 0x00000000ec200000|  0%| F|  |TAMS 0x00000000ec100000, 0x00000000ec100000| Untracked 
| 194|0x00000000ec200000, 0x00000000ec200000, 0x00000000ec300000|  0%| F|  |TAMS 0x00000000ec200000, 0x00000000ec200000| Untracked 
| 195|0x00000000ec300000, 0x00000000ec300000, 0x00000000ec400000|  0%| F|  |TAMS 0x00000000ec300000, 0x00000000ec300000| Untracked 
| 196|0x00000000ec400000, 0x00000000ec400000, 0x00000000ec500000|  0%| F|  |TAMS 0x00000000ec400000, 0x00000000ec400000| Untracked 
| 197|0x00000000ec500000, 0x00000000ec500000, 0x00000000ec600000|  0%| F|  |TAMS 0x00000000ec500000, 0x00000000ec500000| Untracked 
| 198|0x00000000ec600000, 0x00000000ec600000, 0x00000000ec700000|  0%| F|  |TAMS 0x00000000ec600000, 0x00000000ec600000| Untracked 
| 199|0x00000000ec700000, 0x00000000ec700000, 0x00000000ec800000|  0%| F|  |TAMS 0x00000000ec700000, 0x00000000ec700000| Untracked 
| 200|0x00000000ec800000, 0x00000000ec800000, 0x00000000ec900000|  0%| F|  |TAMS 0x00000000ec800000, 0x00000000ec800000| Untracked 
| 201|0x00000000ec900000, 0x00000000ec900000, 0x00000000eca00000|  0%| F|  |TAMS 0x00000000ec900000, 0x00000000ec900000| Untracked 
| 202|0x00000000eca00000, 0x00000000eca00000, 0x00000000ecb00000|  0%| F|  |TAMS 0x00000000eca00000, 0x00000000eca00000| Untracked 
| 203|0x00000000ecb00000, 0x00000000ecb00000, 0x00000000ecc00000|  0%| F|  |TAMS 0x00000000ecb00000, 0x00000000ecb00000| Untracked 
| 204|0x00000000ecc00000, 0x00000000ecc00000, 0x00000000ecd00000|  0%| F|  |TAMS 0x00000000ecc00000, 0x00000000ecc00000| Untracked 
| 205|0x00000000ecd00000, 0x00000000ecd00000, 0x00000000ece00000|  0%| F|  |TAMS 0x00000000ecd00000, 0x00000000ecd00000| Untracked 
| 206|0x00000000ece00000, 0x00000000ece00000, 0x00000000ecf00000|  0%| F|  |TAMS 0x00000000ece00000, 0x00000000ece00000| Untracked 
| 207|0x00000000ecf00000, 0x00000000ecf00000, 0x00000000ed000000|  0%| F|  |TAMS 0x00000000ecf00000, 0x00000000ecf00000| Untracked 
| 208|0x00000000ed000000, 0x00000000ed000000, 0x00000000ed100000|  0%| F|  |TAMS 0x00000000ed000000, 0x00000000ed000000| Untracked 
| 209|0x00000000ed100000, 0x00000000ed100000, 0x00000000ed200000|  0%| F|  |TAMS 0x00000000ed100000, 0x00000000ed100000| Untracked 
| 210|0x00000000ed200000, 0x00000000ed200000, 0x00000000ed300000|  0%| F|  |TAMS 0x00000000ed200000, 0x00000000ed200000| Untracked 
| 211|0x00000000ed300000, 0x00000000ed300000, 0x00000000ed400000|  0%| F|  |TAMS 0x00000000ed300000, 0x00000000ed300000| Untracked 
| 212|0x00000000ed400000, 0x00000000ed400000, 0x00000000ed500000|  0%| F|  |TAMS 0x00000000ed400000, 0x00000000ed400000| Untracked 
| 213|0x00000000ed500000, 0x00000000ed500000, 0x00000000ed600000|  0%| F|  |TAMS 0x00000000ed500000, 0x00000000ed500000| Untracked 
| 214|0x00000000ed600000, 0x00000000ed600000, 0x00000000ed700000|  0%| F|  |TAMS 0x00000000ed600000, 0x00000000ed600000| Untracked 
| 215|0x00000000ed700000, 0x00000000ed700000, 0x00000000ed800000|  0%| F|  |TAMS 0x00000000ed700000, 0x00000000ed700000| Untracked 
| 216|0x00000000ed800000, 0x00000000ed800000, 0x00000000ed900000|  0%| F|  |TAMS 0x00000000ed800000, 0x00000000ed800000| Untracked 
| 217|0x00000000ed900000, 0x00000000ed900000, 0x00000000eda00000|  0%| F|  |TAMS 0x00000000ed900000, 0x00000000ed900000| Untracked 
| 218|0x00000000eda00000, 0x00000000eda00000, 0x00000000edb00000|  0%| F|  |TAMS 0x00000000eda00000, 0x00000000eda00000| Untracked 
| 219|0x00000000edb00000, 0x00000000edb00000, 0x00000000edc00000|  0%| F|  |TAMS 0x00000000edb00000, 0x00000000edb00000| Untracked 
| 220|0x00000000edc00000, 0x00000000edc00000, 0x00000000edd00000|  0%| F|  |TAMS 0x00000000edc00000, 0x00000000edc00000| Untracked 
| 221|0x00000000edd00000, 0x00000000edd00000, 0x00000000ede00000|  0%| F|  |TAMS 0x00000000edd00000, 0x00000000edd00000| Untracked 
| 222|0x00000000ede00000, 0x00000000ede00000, 0x00000000edf00000|  0%| F|  |TAMS 0x00000000ede00000, 0x00000000ede00000| Untracked 
| 223|0x00000000edf00000, 0x00000000edf00000, 0x00000000ee000000|  0%| F|  |TAMS 0x00000000edf00000, 0x00000000edf00000| Untracked 
| 224|0x00000000ee000000, 0x00000000ee000000, 0x00000000ee100000|  0%| F|  |TAMS 0x00000000ee000000, 0x00000000ee000000| Untracked 
| 225|0x00000000ee100000, 0x00000000ee100000, 0x00000000ee200000|  0%| F|  |TAMS 0x00000000ee100000, 0x00000000ee100000| Untracked 
| 226|0x00000000ee200000, 0x00000000ee200000, 0x00000000ee300000|  0%| F|  |TAMS 0x00000000ee200000, 0x00000000ee200000| Untracked 
| 227|0x00000000ee300000, 0x00000000ee300000, 0x00000000ee400000|  0%| F|  |TAMS 0x00000000ee300000, 0x00000000ee300000| Untracked 
| 228|0x00000000ee400000, 0x00000000ee400000, 0x00000000ee500000|  0%| F|  |TAMS 0x00000000ee400000, 0x00000000ee400000| Untracked 
| 229|0x00000000ee500000, 0x00000000ee500000, 0x00000000ee600000|  0%| F|  |TAMS 0x00000000ee500000, 0x00000000ee500000| Untracked 
| 230|0x00000000ee600000, 0x00000000ee600000, 0x00000000ee700000|  0%| F|  |TAMS 0x00000000ee600000, 0x00000000ee600000| Untracked 
| 231|0x00000000ee700000, 0x00000000ee700000, 0x00000000ee800000|  0%| F|  |TAMS 0x00000000ee700000, 0x00000000ee700000| Untracked 
| 232|0x00000000ee800000, 0x00000000ee800000, 0x00000000ee900000|  0%| F|  |TAMS 0x00000000ee800000, 0x00000000ee800000| Untracked 
| 233|0x00000000ee900000, 0x00000000ee900000, 0x00000000eea00000|  0%| F|  |TAMS 0x00000000ee900000, 0x00000000ee900000| Untracked 
| 234|0x00000000eea00000, 0x00000000eea00000, 0x00000000eeb00000|  0%| F|  |TAMS 0x00000000eea00000, 0x00000000eea00000| Untracked 
| 235|0x00000000eeb00000, 0x00000000eeb00000, 0x00000000eec00000|  0%| F|  |TAMS 0x00000000eeb00000, 0x00000000eeb00000| Untracked 
| 236|0x00000000eec00000, 0x00000000eec00000, 0x00000000eed00000|  0%| F|  |TAMS 0x00000000eec00000, 0x00000000eec00000| Untracked 
| 237|0x00000000eed00000, 0x00000000eed00000, 0x00000000eee00000|  0%| F|  |TAMS 0x00000000eed00000, 0x00000000eed00000| Untracked 
| 238|0x00000000eee00000, 0x00000000eee00000, 0x00000000eef00000|  0%| F|  |TAMS 0x00000000eee00000, 0x00000000eee00000| Untracked 
| 239|0x00000000eef00000, 0x00000000eef00000, 0x00000000ef000000|  0%| F|  |TAMS 0x00000000eef00000, 0x00000000eef00000| Untracked 
| 240|0x00000000ef000000, 0x00000000ef000000, 0x00000000ef100000|  0%| F|  |TAMS 0x00000000ef000000, 0x00000000ef000000| Untracked 
| 241|0x00000000ef100000, 0x00000000ef200000, 0x00000000ef200000|100%| E|  |TAMS 0x00000000ef100000, 0x00000000ef100000| Complete 
| 242|0x00000000ef200000, 0x00000000ef300000, 0x00000000ef300000|100%| E|CS|TAMS 0x00000000ef200000, 0x00000000ef200000| Complete 
| 243|0x00000000ef300000, 0x00000000ef400000, 0x00000000ef400000|100%| E|CS|TAMS 0x00000000ef300000, 0x00000000ef300000| Complete 
| 244|0x00000000ef400000, 0x00000000ef500000, 0x00000000ef500000|100%| E|CS|TAMS 0x00000000ef400000, 0x00000000ef400000| Complete 
| 245|0x00000000ef500000, 0x00000000ef600000, 0x00000000ef600000|100%| E|CS|TAMS 0x00000000ef500000, 0x00000000ef500000| Complete 
| 246|0x00000000ef600000, 0x00000000ef700000, 0x00000000ef700000|100%| E|CS|TAMS 0x00000000ef600000, 0x00000000ef600000| Complete 
| 247|0x00000000ef700000, 0x00000000ef800000, 0x00000000ef800000|100%| E|CS|TAMS 0x00000000ef700000, 0x00000000ef700000| Complete 
| 248|0x00000000ef800000, 0x00000000ef900000, 0x00000000ef900000|100%| E|CS|TAMS 0x00000000ef800000, 0x00000000ef800000| Complete 
| 249|0x00000000ef900000, 0x00000000efa00000, 0x00000000efa00000|100%| E|CS|TAMS 0x00000000ef900000, 0x00000000ef900000| Complete 
| 250|0x00000000efa00000, 0x00000000efb00000, 0x00000000efb00000|100%| E|CS|TAMS 0x00000000efa00000, 0x00000000efa00000| Complete 
| 251|0x00000000efb00000, 0x00000000efb51670, 0x00000000efc00000| 31%| S|CS|TAMS 0x00000000efb00000, 0x00000000efb00000| Complete 
| 252|0x00000000efc00000, 0x00000000efd00000, 0x00000000efd00000|100%| E|CS|TAMS 0x00000000efc00000, 0x00000000efc00000| Complete 
| 253|0x00000000efd00000, 0x00000000efe00000, 0x00000000efe00000|100%| E|CS|TAMS 0x00000000efd00000, 0x00000000efd00000| Complete 
| 254|0x00000000efe00000, 0x00000000eff00000, 0x00000000eff00000|100%| E|CS|TAMS 0x00000000efe00000, 0x00000000efe00000| Complete 
| 255|0x00000000eff00000, 0x00000000f0000000, 0x00000000f0000000|100%| E|CS|TAMS 0x00000000eff00000, 0x00000000eff00000| Complete 

Card table byte_map: [0x0000023570660000,0x0000023570760000] _byte_map_base: 0x000002356ff60000

Marking Bits (Prev, Next): (CMBitMap*) 0x0000023559a29f80, (CMBitMap*) 0x0000023559a29fc0
 Prev Bits: [0x0000023570860000, 0x0000023571060000)
 Next Bits: [0x0000023571060000, 0x0000023571860000)

Polling page: 0x00000235591c0000

Metaspace:

Usage:
  Non-class:     31.19 MB used.
      Class:      5.06 MB used.
       Both:     36.25 MB used.

Virtual space:
  Non-class space:       32.00 MB reserved,      31.44 MB ( 98%) committed,  4 nodes.
      Class space:      308.00 MB reserved,       5.25 MB (  2%) committed,  1 nodes.
             Both:      340.00 MB reserved,      36.69 MB ( 11%) committed. 

Chunk freelists:
   Non-Class:  480.00 KB
       Class:  2.64 MB
        Both:  3.11 MB

MaxMetaspaceSize: 384.00 MB
CompressedClassSpaceSize: 308.00 MB
Initial GC threshold: 21.00 MB
Current GC threshold: 59.19 MB
CDS: on
MetaspaceReclaimPolicy: balanced
 - commit_granule_bytes: 65536.
 - commit_granule_words: 8192.
 - virtual_space_node_default_size: 1048576.
 - enlarge_chunks_in_place: 1.
 - new_chunks_are_fully_committed: 0.
 - uncommit_free_chunks: 1.
 - use_allocation_guard: 0.
 - handle_deallocations: 1.


Internal statistics:

num_allocs_failed_limit: 9.
num_arena_births: 366.
num_arena_deaths: 0.
num_vsnodes_births: 5.
num_vsnodes_deaths: 0.
num_space_committed: 587.
num_space_uncommitted: 0.
num_chunks_returned_to_freelist: 9.
num_chunks_taken_from_freelist: 1737.
num_chunk_merges: 6.
num_chunk_splits: 1152.
num_chunks_enlarged: 817.
num_purges: 0.
num_inconsistent_stats: 0.

CodeHeap 'non-profiled nmethods': size=120000Kb used=2600Kb max_used=2600Kb free=117399Kb
 bounds [0x0000023568d00000, 0x0000023568f90000, 0x0000023570230000]
CodeHeap 'profiled nmethods': size=120000Kb used=9300Kb max_used=9300Kb free=110699Kb
 bounds [0x00000235617d0000, 0x00000235620f0000, 0x0000023568d00000]
CodeHeap 'non-nmethods': size=5760Kb used=2303Kb max_used=2349Kb free=3456Kb
 bounds [0x0000023561230000, 0x00000235614a0000, 0x00000235617d0000]
 total_blobs=5189 nmethods=4392 adapters=709
 compilation: enabled
              stopped_count=0, restarted_count=0
 full_count=0

Compilation events (20 events):
Event: 11.864 Thread 0x00000235742e8fb0 nmethod 4392 0x00000235620c3710 code [0x00000235620c38c0, 0x00000235620c3ac8]
Event: 11.864 Thread 0x00000235742e8fb0 4393       3       org.codehaus.plexus.util.xml.pull.MXParser::parseEndTag (429 bytes)
Event: 11.867 Thread 0x00000235742e8fb0 nmethod 4393 0x00000235620c3c10 code [0x00000235620c4200, 0x00000235620c68e8]
Event: 11.867 Thread 0x00000235742e8fb0 4394       3       org.codehaus.plexus.util.xml.pull.MXParser::parseStartTag (1190 bytes)
Event: 11.877 Thread 0x00000235742e8fb0 nmethod 4394 0x00000235620c7910 code [0x00000235620c8360, 0x00000235620ce118]
Event: 11.877 Thread 0x00000235742e8fb0 4395       3       org.codehaus.plexus.util.xml.pull.MXParser::isNameStartChar (56 bytes)
Event: 11.877 Thread 0x00000235742e8fb0 nmethod 4395 0x00000235620d0510 code [0x00000235620d06c0, 0x00000235620d0978]
Event: 11.877 Thread 0x00000235742e8fb0 4397       1       org.codehaus.plexus.util.xml.pull.MXParser::getEventType (5 bytes)
Event: 11.877 Thread 0x00000235742e8fb0 nmethod 4397 0x0000023568f89790 code [0x0000023568f89920, 0x0000023568f899f8]
Event: 11.877 Thread 0x00000235742e8fb0 4399       1       org.gradle.internal.instantiation.generator.AbstractClassGenerator$GeneratedClassImpl::getOuterType (5 bytes)
Event: 11.877 Thread 0x00000235742e8fb0 nmethod 4399 0x0000023568f89a90 code [0x0000023568f89c20, 0x0000023568f89cf8]
Event: 11.877 Thread 0x00000235742e8fb0 4400       3       com.google.common.cache.LocalCache::refreshes (15 bytes)
Event: 11.878 Thread 0x00000235742e8fb0 nmethod 4400 0x00000235620d0a90 code [0x00000235620d0c20, 0x00000235620d0d98]
Event: 11.878 Thread 0x00000235742e8fb0 4401       1       com.google.common.base.Suppliers$SupplierOfInstance::get (5 bytes)
Event: 11.878 Thread 0x00000235742e8fb0 nmethod 4401 0x0000023568f89d90 code [0x0000023568f89f20, 0x0000023568f89ff8]
Event: 11.878 Thread 0x00000235742e8fb0 4398       3       java.lang.reflect.AccessibleObject::checkAccess (40 bytes)
Event: 11.878 Thread 0x00000235742e8fb0 nmethod 4398 0x00000235620d0e10 code [0x00000235620d0fe0, 0x00000235620d1318]
Event: 11.878 Thread 0x00000235742e8fb0 4402       3       org.gradle.internal.service.DefaultServiceRegistry::noLongerMutable (15 bytes)
Event: 11.879 Thread 0x00000235742e8fb0 nmethod 4402 0x00000235620d1490 code [0x00000235620d1760, 0x00000235620d2548]
Event: 11.879 Thread 0x00000235742e8fb0 4403       3       org.gradle.internal.service.DefaultServiceRegistry::serviceRequested (42 bytes)

GC Heap History (14 events):
Event: 1.027 GC heap before
{Heap before GC invocations=0 (full 0):
 garbage-first heap   total 262144K, used 26624K [0x00000000e0000000, 0x0000000100000000)
  region size 1024K, 23 young (23552K), 0 survivors (0K)
 Metaspace       used 1967K, committed 2112K, reserved 323584K
  class space    used 208K, committed 320K, reserved 315392K
}
Event: 1.032 GC heap after
{Heap after GC invocations=1 (full 0):
 garbage-first heap   total 262144K, used 10755K [0x00000000e0000000, 0x0000000100000000)
  region size 1024K, 3 young (3072K), 3 survivors (3072K)
 Metaspace       used 1967K, committed 2112K, reserved 323584K
  class space    used 208K, committed 320K, reserved 315392K
}
Event: 2.315 GC heap before
{Heap before GC invocations=1 (full 0):
 garbage-first heap   total 262144K, used 38403K [0x00000000e0000000, 0x0000000100000000)
  region size 1024K, 30 young (30720K), 3 survivors (3072K)
 Metaspace       used 4030K, committed 4224K, reserved 323584K
  class space    used 502K, committed 640K, reserved 315392K
}
Event: 2.319 GC heap after
{Heap after GC invocations=2 (full 0):
 garbage-first heap   total 262144K, used 11831K [0x00000000e0000000, 0x0000000100000000)
  region size 1024K, 2 young (2048K), 2 survivors (2048K)
 Metaspace       used 4030K, committed 4224K, reserved 323584K
  class space    used 502K, committed 640K, reserved 315392K
}
Event: 8.376 GC heap before
{Heap before GC invocations=2 (full 0):
 garbage-first heap   total 262144K, used 141879K [0x00000000e0000000, 0x0000000100000000)
  region size 1024K, 127 young (130048K), 2 survivors (2048K)
 Metaspace       used 20969K, committed 21248K, reserved 339968K
  class space    used 3081K, committed 3200K, reserved 315392K
}
Event: 8.388 GC heap after
{Heap after GC invocations=3 (full 0):
 garbage-first heap   total 262144K, used 23373K [0x00000000e0000000, 0x0000000100000000)
  region size 1024K, 12 young (12288K), 12 survivors (12288K)
 Metaspace       used 20969K, committed 21248K, reserved 339968K
  class space    used 3081K, committed 3200K, reserved 315392K
}
Event: 8.438 GC heap before
{Heap before GC invocations=3 (full 0):
 garbage-first heap   total 262144K, used 25421K [0x00000000e0000000, 0x0000000100000000)
  region size 1024K, 15 young (15360K), 12 survivors (12288K)
 Metaspace       used 21209K, committed 21504K, reserved 339968K
  class space    used 3119K, committed 3264K, reserved 315392K
}
Event: 8.447 GC heap after
{Heap after GC invocations=4 (full 0):
 garbage-first heap   total 262144K, used 24678K [0x00000000e0000000, 0x0000000100000000)
  region size 1024K, 2 young (2048K), 2 survivors (2048K)
 Metaspace       used 21209K, committed 21504K, reserved 339968K
  class space    used 3119K, committed 3264K, reserved 315392K
}
Event: 11.263 GC heap before
{Heap before GC invocations=5 (full 0):
 garbage-first heap   total 262144K, used 152678K [0x00000000e0000000, 0x0000000100000000)
  region size 1024K, 124 young (126976K), 2 survivors (2048K)
 Metaspace       used 35617K, committed 35968K, reserved 348160K
  class space    used 4925K, committed 5120K, reserved 315392K
}
Event: 11.275 GC heap after
{Heap after GC invocations=6 (full 0):
 garbage-first heap   total 262144K, used 33495K [0x00000000e0000000, 0x0000000100000000)
  region size 1024K, 10 young (10240K), 10 survivors (10240K)
 Metaspace       used 35617K, committed 35968K, reserved 348160K
  class space    used 4925K, committed 5120K, reserved 315392K
}
Event: 11.328 GC heap before
{Heap before GC invocations=6 (full 0):
 garbage-first heap   total 262144K, used 34519K [0x00000000e0000000, 0x0000000100000000)
  region size 1024K, 12 young (12288K), 10 survivors (10240K)
 Metaspace       used 35787K, committed 36160K, reserved 348160K
  class space    used 4966K, committed 5184K, reserved 315392K
}
Event: 11.338 GC heap after
{Heap after GC invocations=7 (full 0):
 garbage-first heap   total 262144K, used 33936K [0x00000000e0000000, 0x0000000100000000)
  region size 1024K, 2 young (2048K), 2 survivors (2048K)
 Metaspace       used 35787K, committed 36160K, reserved 348160K
  class space    used 4966K, committed 5184K, reserved 315392K
}
Event: 11.378 GC heap before
{Heap before GC invocations=7 (full 0):
 garbage-first heap   total 262144K, used 34960K [0x00000000e0000000, 0x0000000100000000)
  region size 1024K, 4 young (4096K), 2 survivors (2048K)
 Metaspace       used 35927K, committed 36288K, reserved 348160K
  class space    used 4984K, committed 5184K, reserved 315392K
}
Event: 11.380 GC heap after
{Heap after GC invocations=8 (full 0):
 garbage-first heap   total 262144K, used 33055K [0x00000000e0000000, 0x0000000100000000)
  region size 1024K, 1 young (1024K), 1 survivors (1024K)
 Metaspace       used 35927K, committed 36288K, reserved 348160K
  class space    used 4984K, committed 5184K, reserved 315392K
}

Deoptimization events (20 events):
Event: 11.734 Thread 0x0000023574d678c0 Uncommon trap: trap_request=0xffffff45 fr.pc=0x0000023568e7320c relative=0x000000000000072c
Event: 11.734 Thread 0x0000023574d678c0 Uncommon trap: reason=unstable_if action=reinterpret pc=0x0000023568e7320c method=java.util.HashMap.putVal(ILjava/lang/Object;Ljava/lang/Object;ZZ)Ljava/lang/Object; @ 109 c2
Event: 11.734 Thread 0x0000023574d678c0 DEOPT PACKING pc=0x0000023568e7320c sp=0x000000ed305f8520
Event: 11.734 Thread 0x0000023574d678c0 DEOPT UNPACKING pc=0x0000023561285c23 sp=0x000000ed305f8438 mode 2
Event: 11.734 Thread 0x0000023574d678c0 Uncommon trap: trap_request=0xffffff45 fr.pc=0x0000023568d313d4 relative=0x0000000000000974
Event: 11.734 Thread 0x0000023574d678c0 Uncommon trap: reason=unstable_if action=reinterpret pc=0x0000023568d313d4 method=java.util.HashMap.resize()[Ljava/util/HashMap$Node; @ 203 c2
Event: 11.734 Thread 0x0000023574d678c0 DEOPT PACKING pc=0x0000023568d313d4 sp=0x000000ed305f83d0
Event: 11.734 Thread 0x0000023574d678c0 DEOPT UNPACKING pc=0x0000023561285c23 sp=0x000000ed305f8370 mode 2
Event: 11.735 Thread 0x0000023574d678c0 Uncommon trap: trap_request=0xffffff45 fr.pc=0x0000023568e40650 relative=0x0000000000000230
Event: 11.736 Thread 0x0000023574d678c0 Uncommon trap: reason=unstable_if action=reinterpret pc=0x0000023568e40650 method=java.util.HashMap.getNode(Ljava/lang/Object;)Ljava/util/HashMap$Node; @ 85 c2
Event: 11.736 Thread 0x0000023574d678c0 DEOPT PACKING pc=0x0000023568e40650 sp=0x000000ed305f8510
Event: 11.736 Thread 0x0000023574d678c0 DEOPT UNPACKING pc=0x0000023561285c23 sp=0x000000ed305f8480 mode 2
Event: 11.737 Thread 0x0000023574d678c0 Uncommon trap: trap_request=0xffffff45 fr.pc=0x0000023568e74100 relative=0x00000000000006a0
Event: 11.737 Thread 0x0000023574d678c0 Uncommon trap: reason=unstable_if action=reinterpret pc=0x0000023568e74100 method=java.util.HashMap.putVal(ILjava/lang/Object;Ljava/lang/Object;ZZ)Ljava/lang/Object; @ 109 c2
Event: 11.737 Thread 0x0000023574d678c0 DEOPT PACKING pc=0x0000023568e74100 sp=0x000000ed305f8470
Event: 11.737 Thread 0x0000023574d678c0 DEOPT UNPACKING pc=0x0000023561285c23 sp=0x000000ed305f8428 mode 2
Event: 11.814 Thread 0x0000023574d678c0 Uncommon trap: trap_request=0xffffffde fr.pc=0x0000023568dfcd48 relative=0x0000000000000408
Event: 11.814 Thread 0x0000023574d678c0 Uncommon trap: reason=class_check action=maybe_recompile pc=0x0000023568dfcd48 method=java.util.Collections$SetFromMap.remove(Ljava/lang/Object;)Z @ 5 c2
Event: 11.814 Thread 0x0000023574d678c0 DEOPT PACKING pc=0x0000023568dfcd48 sp=0x000000ed305faed0
Event: 11.814 Thread 0x0000023574d678c0 DEOPT UNPACKING pc=0x0000023561285c23 sp=0x000000ed305faea8 mode 2

Classes unloaded (0 events):
No events

Classes redefined (0 events):
No events

Internal exceptions (20 events):
Event: 11.225 Thread 0x0000023574d678c0 Exception <a 'java/lang/ClassNotFoundException'{0x00000000e8667558}: org/gradle/api/internal/artifacts/dsl/DefaultRepositoryHandlerBeanInfo> (0x00000000e8667558) 
thrown [t:\workspace\open\src\hotspot\share\classfile\systemDictionary.cpp, line 256]
Event: 11.227 Thread 0x0000023574d678c0 Exception <a 'java/lang/ClassNotFoundException'{0x00000000e867ec50}: org/gradle/api/internal/artifacts/DefaultArtifactRepositoryContainerBeanInfo> (0x00000000e867ec50) 
thrown [t:\workspace\open\src\hotspot\share\classfile\systemDictionary.cpp, line 256]
Event: 11.227 Thread 0x0000023574d678c0 Exception <a 'java/lang/ClassNotFoundException'{0x00000000e86933a0}: org/gradle/api/internal/DefaultNamedDomainObjectListBeanInfo> (0x00000000e86933a0) 
thrown [t:\workspace\open\src\hotspot\share\classfile\systemDictionary.cpp, line 256]
Event: 11.228 Thread 0x0000023574d678c0 Exception <a 'java/lang/ClassNotFoundException'{0x00000000e86a7d90}: org/gradle/api/internal/DefaultNamedDomainObjectCollectionBeanInfo> (0x00000000e86a7d90) 
thrown [t:\workspace\open\src\hotspot\share\classfile\systemDictionary.cpp, line 256]
Event: 11.231 Thread 0x0000023574d678c0 Exception <a 'java/lang/ClassNotFoundException'{0x00000000e86bc288}: org/gradle/api/internal/DefaultDomainObjectCollectionBeanInfo> (0x00000000e86bc288) 
thrown [t:\workspace\open\src\hotspot\share\classfile\systemDictionary.cpp, line 256]
Event: 11.231 Thread 0x0000023574d678c0 Exception <a 'java/lang/ClassNotFoundException'{0x00000000e86c26c8}: java/util/AbstractCollectionBeanInfo> (0x00000000e86c26c8) 
thrown [t:\workspace\open\src\hotspot\share\classfile\systemDictionary.cpp, line 256]
Event: 11.231 Thread 0x0000023574d678c0 Exception <a 'java/lang/ClassNotFoundException'{0x00000000e86c8ad0}: java/util/AbstractCollectionCustomizer> (0x00000000e86c8ad0) 
thrown [t:\workspace\open\src\hotspot\share\classfile\systemDictionary.cpp, line 256]
Event: 11.235 Thread 0x0000023574d678c0 Exception <a 'java/lang/ClassNotFoundException'{0x00000000e86e7098}: org/gradle/api/internal/DefaultDomainObjectCollectionCustomizer> (0x00000000e86e7098) 
thrown [t:\workspace\open\src\hotspot\share\classfile\systemDictionary.cpp, line 256]
Event: 11.239 Thread 0x0000023574d678c0 Exception <a 'java/lang/ClassNotFoundException'{0x00000000e851c900}: org/gradle/api/internal/DefaultNamedDomainObjectCollectionCustomizer> (0x00000000e851c900) 
thrown [t:\workspace\open\src\hotspot\share\classfile\systemDictionary.cpp, line 256]
Event: 11.245 Thread 0x0000023574d678c0 Exception <a 'java/lang/ClassNotFoundException'{0x00000000e855eb58}: org/gradle/api/internal/DefaultNamedDomainObjectListCustomizer> (0x00000000e855eb58) 
thrown [t:\workspace\open\src\hotspot\share\classfile\systemDictionary.cpp, line 256]
Event: 11.249 Thread 0x0000023574d678c0 Exception <a 'java/lang/ClassNotFoundException'{0x00000000e8593b48}: org/gradle/api/internal/artifacts/DefaultArtifactRepositoryContainerCustomizer> (0x00000000e8593b48) 
thrown [t:\workspace\open\src\hotspot\share\classfile\systemDictionary.cpp, line 256]
Event: 11.252 Thread 0x0000023574d678c0 Exception <a 'java/lang/ClassNotFoundException'{0x00000000e85bdc90}: org/gradle/api/internal/artifacts/dsl/DefaultRepositoryHandlerCustomizer> (0x00000000e85bdc90) 
thrown [t:\workspace\open\src\hotspot\share\classfile\systemDictionary.cpp, line 256]
Event: 11.257 Thread 0x0000023574d678c0 Exception <a 'java/lang/ClassNotFoundException'{0x00000000e85f6390}: org/gradle/api/internal/artifacts/dsl/DefaultRepositoryHandler_DecoratedCustomizer> (0x00000000e85f6390) 
thrown [t:\workspace\open\src\hotspot\share\classfile\systemDictionary.cpp, line 256]
Event: 11.371 Thread 0x0000023574d678c0 Exception <a 'java/lang/NoSuchMethodError'{0x00000000efe70098}: 'void java.lang.invoke.DirectMethodHandle$Holder.invokeInterface(java.lang.Object, java.lang.Object)'> (0x00000000efe70098) 
thrown [t:\workspace\open\src\hotspot\share\interpreter\linkResolver.cpp, line 766]
Event: 11.384 Thread 0x0000023574d678c0 Exception <a 'java/lang/IncompatibleClassChangeError'{0x00000000eff08fd0}: Found class java.lang.Object, but interface was expected> (0x00000000eff08fd0) 
thrown [t:\workspace\open\src\hotspot\share\interpreter\linkResolver.cpp, line 833]
Event: 11.444 Thread 0x0000023574d678c0 Exception <a 'java/lang/ClassNotFoundException'{0x00000000efe92800}: settings_4e8cifviyxjid5p7dlwyy2t76BeanInfo> (0x00000000efe92800) 
thrown [t:\workspace\open\src\hotspot\share\classfile\systemDictionary.cpp, line 256]
Event: 11.446 Thread 0x0000023574d678c0 Exception <a 'java/lang/ClassNotFoundException'{0x00000000efe992b0}: settings_4e8cifviyxjid5p7dlwyy2t76Customizer> (0x00000000efe992b0) 
thrown [t:\workspace\open\src\hotspot\share\classfile\systemDictionary.cpp, line 256]
Event: 11.455 Thread 0x0000023574d678c0 Exception <a 'java/lang/ClassNotFoundException'{0x00000000efec57a0}: org/gradle/initialization/DefaultProjectDescriptorBeanInfo> (0x00000000efec57a0) 
thrown [t:\workspace\open\src\hotspot\share\classfile\systemDictionary.cpp, line 256]
Event: 11.456 Thread 0x0000023574d678c0 Exception <a 'java/lang/ClassNotFoundException'{0x00000000efed4668}: org/gradle/initialization/DefaultProjectDescriptorCustomizer> (0x00000000efed4668) 
thrown [t:\workspace\open\src\hotspot\share\classfile\systemDictionary.cpp, line 256]
Event: 11.461 Thread 0x0000023574d678c0 Implicit null exception at 0x0000023568eaff6c to 0x0000023568eb0014

VM Operations (20 events):
Event: 10.409 Executing VM operation: HandshakeAllThreads done
Event: 10.594 Executing VM operation: ICBufferFull
Event: 10.594 Executing VM operation: ICBufferFull done
Event: 11.062 Executing VM operation: ICBufferFull
Event: 11.062 Executing VM operation: ICBufferFull done
Event: 11.263 Executing VM operation: CollectForMetadataAllocation
Event: 11.277 Executing VM operation: CollectForMetadataAllocation done
Event: 11.328 Executing VM operation: G1CollectForAllocation
Event: 11.338 Executing VM operation: G1CollectForAllocation done
Event: 11.378 Executing VM operation: CollectForMetadataAllocation
Event: 11.380 Executing VM operation: CollectForMetadataAllocation done
Event: 11.420 Executing VM operation: G1Concurrent
Event: 11.423 Executing VM operation: G1Concurrent done
Event: 11.439 Executing VM operation: G1Concurrent
Event: 11.439 Executing VM operation: G1Concurrent done
Event: 11.689 Executing VM operation: HandshakeAllThreads
Event: 11.690 Executing VM operation: HandshakeAllThreads done
Event: 11.816 Executing VM operation: HandshakeAllThreads
Event: 11.816 Executing VM operation: HandshakeAllThreads done
Event: 11.882 Executing VM operation: ICBufferFull

Events (20 events):
Event: 11.231 loading class java/util/AbstractCollectionCustomizer done
Event: 11.231 loading class java/util/AbstractCollectionCustomizer
Event: 11.231 loading class java/util/AbstractCollectionCustomizer done
Event: 11.232 loading class sun/reflect/generics/tree/BooleanSignature
Event: 11.232 loading class sun/reflect/generics/tree/BooleanSignature done
Event: 11.233 loading class sun/reflect/generics/reflectiveObjects/GenericArrayTypeImpl
Event: 11.233 loading class sun/reflect/generics/reflectiveObjects/GenericArrayTypeImpl done
Event: 11.410 Thread 0x0000023576c57bd0 Thread added: 0x0000023576c57bd0
Event: 11.462 loading class jdk/internal/math/FDBigInteger
Event: 11.463 loading class jdk/internal/math/FDBigInteger done
Event: 11.477 loading class java/util/zip/GZIPOutputStream
Event: 11.477 loading class java/util/zip/GZIPOutputStream done
Event: 11.477 loading class java/util/zip/GZIPInputStream
Event: 11.478 loading class java/util/zip/GZIPInputStream done
Event: 11.643 loading class java/nio/file/AtomicMoveNotSupportedException
Event: 11.643 loading class java/nio/file/AtomicMoveNotSupportedException done
Event: 11.688 loading class java/io/FileWriter
Event: 11.689 loading class java/io/FileWriter done
Event: 11.815 loading class java/util/ArrayList$ListItr
Event: 11.816 loading class java/util/ArrayList$ListItr done


Dynamic libraries:
0x00007ff625a20000 - 0x00007ff625a2e000 	C:\Program Files\Java\jdk-17.0.2\bin\java.exe
0x00007ffbb8510000 - 0x00007ffbb8727000 	C:\WINDOWS\SYSTEM32\ntdll.dll
0x00007ffbb6920000 - 0x00007ffbb69e4000 	C:\WINDOWS\System32\KERNEL32.DLL
0x00007ffbb5a60000 - 0x00007ffbb5e06000 	C:\WINDOWS\System32\KERNELBASE.dll
0x000000005cde0000 - 0x000000005ce7e000 	C:\ProgramData\Symantec\Symantec Endpoint Protection\14.3.9681.7000.105\Data\Sysfer\x64\sysfer.dll
0x00007ffbb6140000 - 0x00007ffbb6251000 	C:\WINDOWS\System32\ucrtbase.dll
0x00007ffbac000000 - 0x00007ffbac018000 	C:\Program Files\Java\jdk-17.0.2\bin\jli.dll
0x00007ffbb69f0000 - 0x00007ffbb6b9e000 	C:\WINDOWS\System32\USER32.dll
0x00007ffbb5850000 - 0x00007ffbb5876000 	C:\WINDOWS\System32\win32u.dll
0x00007ffbb6e00000 - 0x00007ffbb6e29000 	C:\WINDOWS\System32\GDI32.dll
0x00007ffbb6020000 - 0x00007ffbb6138000 	C:\WINDOWS\System32\gdi32full.dll
0x00007ffbb5f00000 - 0x00007ffbb5f9a000 	C:\WINDOWS\System32\msvcp_win.dll
0x00007ffb99880000 - 0x00007ffb9989a000 	C:\Program Files\Java\jdk-17.0.2\bin\VCRUNTIME140.dll
0x00007ffb99990000 - 0x00007ffb99c23000 	C:\WINDOWS\WinSxS\amd64_microsoft.windows.common-controls_6595b64144ccf1df_6.0.22621.2506_none_270c5ae97388e100\COMCTL32.dll
0x00007ffbb8250000 - 0x00007ffbb82f7000 	C:\WINDOWS\System32\msvcrt.dll
0x00007ffbb6d30000 - 0x00007ffbb6d61000 	C:\WINDOWS\System32\IMM32.DLL
0x00007ffbadca0000 - 0x00007ffbadcac000 	C:\Program Files\Java\jdk-17.0.2\bin\vcruntime140_1.dll
0x00007ffb6b0c0000 - 0x00007ffb6b14d000 	C:\Program Files\Java\jdk-17.0.2\bin\msvcp140.dll
0x00007ffaf8a60000 - 0x00007ffaf9621000 	C:\Program Files\Java\jdk-17.0.2\bin\server\jvm.dll
0x00007ffbb8300000 - 0x00007ffbb83b3000 	C:\WINDOWS\System32\ADVAPI32.dll
0x00007ffbb7a90000 - 0x00007ffbb7b38000 	C:\WINDOWS\System32\sechost.dll
0x00007ffbb5e10000 - 0x00007ffbb5e38000 	C:\WINDOWS\System32\bcrypt.dll
0x00007ffbb6800000 - 0x00007ffbb6917000 	C:\WINDOWS\System32\RPCRT4.dll
0x00007ffbb7b40000 - 0x00007ffbb7b48000 	C:\WINDOWS\System32\PSAPI.DLL
0x00007ffb912c0000 - 0x00007ffb912c9000 	C:\WINDOWS\SYSTEM32\WSOCK32.dll
0x00007ffbb70d0000 - 0x00007ffbb7141000 	C:\WINDOWS\System32\WS2_32.dll
0x00007ffbad7c0000 - 0x00007ffbad7f4000 	C:\WINDOWS\SYSTEM32\WINMM.dll
0x00007ffbad240000 - 0x00007ffbad24a000 	C:\WINDOWS\SYSTEM32\VERSION.dll
0x00007ffbb4840000 - 0x00007ffbb4858000 	C:\WINDOWS\SYSTEM32\kernel.appcore.dll
0x00007ffbabf40000 - 0x00007ffbabf4a000 	C:\Program Files\Java\jdk-17.0.2\bin\jimage.dll
0x00007ffba7cb0000 - 0x00007ffba7ee3000 	C:\WINDOWS\SYSTEM32\DBGHELP.DLL
0x00007ffbb7d70000 - 0x00007ffbb80f9000 	C:\WINDOWS\System32\combase.dll
0x00007ffbb79b0000 - 0x00007ffbb7a87000 	C:\WINDOWS\System32\OLEAUT32.dll
0x00007ffb99600000 - 0x00007ffb99632000 	C:\WINDOWS\SYSTEM32\dbgcore.DLL
0x00007ffbb5fa0000 - 0x00007ffbb601a000 	C:\WINDOWS\System32\bcryptPrimitives.dll
0x00007ffb99840000 - 0x00007ffb9984e000 	C:\Program Files\Java\jdk-17.0.2\bin\instrument.dll
0x00007ffb87720000 - 0x00007ffb87745000 	C:\Program Files\Java\jdk-17.0.2\bin\java.dll
0x00007ffb621d0000 - 0x00007ffb622a6000 	C:\Program Files\Java\jdk-17.0.2\bin\jsvml.dll
0x00007ffbb7150000 - 0x00007ffbb79aa000 	C:\WINDOWS\System32\SHELL32.dll
0x00007ffbb36a0000 - 0x00007ffbb3f96000 	C:\WINDOWS\SYSTEM32\windows.storage.dll
0x00007ffbb3530000 - 0x00007ffbb366e000 	C:\WINDOWS\SYSTEM32\wintypes.dll
0x00007ffbb6c30000 - 0x00007ffbb6d23000 	C:\WINDOWS\System32\SHCORE.dll
0x00007ffbb83c0000 - 0x00007ffbb841e000 	C:\WINDOWS\System32\shlwapi.dll
0x00007ffbb5780000 - 0x00007ffbb57a6000 	C:\WINDOWS\SYSTEM32\profapi.dll
0x00007ffb89f80000 - 0x00007ffb89f98000 	C:\Program Files\Java\jdk-17.0.2\bin\zip.dll
0x00007ffb7e360000 - 0x00007ffb7e379000 	C:\Program Files\Java\jdk-17.0.2\bin\net.dll
0x00007ffbaf400000 - 0x00007ffbaf537000 	C:\WINDOWS\SYSTEM32\WINHTTP.dll
0x00007ffbb4cb0000 - 0x00007ffbb4d19000 	C:\WINDOWS\system32\mswsock.dll
0x00007ffb7cf00000 - 0x00007ffb7cf16000 	C:\Program Files\Java\jdk-17.0.2\bin\nio.dll
0x00007ffb918e0000 - 0x00007ffb918f0000 	C:\Program Files\Java\jdk-17.0.2\bin\verify.dll
0x00007ffb81190000 - 0x00007ffb811b7000 	C:\Users\ayefou\.gradle\native\c067742578af261105cb4f569cf0c3c89f3d7b1fecec35dd04571415982c5e48\windows-amd64\native-platform.dll
0x00007ffb61c40000 - 0x00007ffb61d84000 	C:\Users\ayefou\.gradle\native\100fb08df4bc3b14c8652ba06237920a3bd2aa13389f12d3474272988ae205f9\windows-amd64\native-platform-file-events.dll
0x00007ffb918a0000 - 0x00007ffb918a9000 	C:\Program Files\Java\jdk-17.0.2\bin\management.dll
0x00007ffb90080000 - 0x00007ffb9008b000 	C:\Program Files\Java\jdk-17.0.2\bin\management_ext.dll
0x00007ffbb4fa0000 - 0x00007ffbb4fbb000 	C:\WINDOWS\SYSTEM32\CRYPTSP.dll
0x00007ffbb47a0000 - 0x00007ffbb47d5000 	C:\WINDOWS\system32\rsaenh.dll
0x00007ffbb4d50000 - 0x00007ffbb4d7c000 	C:\WINDOWS\SYSTEM32\USERENV.dll
0x00007ffbb4f80000 - 0x00007ffbb4f8c000 	C:\WINDOWS\SYSTEM32\CRYPTBASE.dll
0x00007ffbb40c0000 - 0x00007ffbb40ed000 	C:\WINDOWS\SYSTEM32\IPHLPAPI.DLL
0x00007ffbb6f00000 - 0x00007ffbb6f09000 	C:\WINDOWS\System32\NSI.dll
0x00007ffbaf750000 - 0x00007ffbaf769000 	C:\WINDOWS\SYSTEM32\dhcpcsvc6.DLL
0x00007ffbaf5c0000 - 0x00007ffbaf5df000 	C:\WINDOWS\SYSTEM32\dhcpcsvc.DLL
0x00007ffbb40f0000 - 0x00007ffbb41e9000 	C:\WINDOWS\SYSTEM32\DNSAPI.dll
0x00007ffb87710000 - 0x00007ffb8771e000 	C:\Program Files\Java\jdk-17.0.2\bin\sunmscapi.dll
0x00007ffbb58f0000 - 0x00007ffbb5a56000 	C:\WINDOWS\System32\CRYPT32.dll
0x00007ffbb50b0000 - 0x00007ffbb50de000 	C:\WINDOWS\SYSTEM32\ncrypt.dll
0x00007ffbb5070000 - 0x00007ffbb50a7000 	C:\WINDOWS\SYSTEM32\NTASN1.dll
0x00007ffb917f0000 - 0x00007ffb917f8000 	C:\WINDOWS\system32\wshunix.dll

dbghelp: loaded successfully - version: 4.0.5 - missing functions: none
symbol engine: initialized successfully - sym options: 0x614 - pdb path: .;C:\Program Files\Java\jdk-17.0.2\bin;C:\WINDOWS\SYSTEM32;C:\ProgramData\Symantec\Symantec Endpoint Protection\14.3.9681.7000.105\Data\Sysfer\x64;C:\WINDOWS\WinSxS\amd64_microsoft.windows.common-controls_6595b64144ccf1df_6.0.22621.2506_none_270c5ae97388e100;C:\Program Files\Java\jdk-17.0.2\bin\server;C:\Users\ayefou\.gradle\native\c067742578af261105cb4f569cf0c3c89f3d7b1fecec35dd04571415982c5e48\windows-amd64;C:\Users\ayefou\.gradle\native\100fb08df4bc3b14c8652ba06237920a3bd2aa13389f12d3474272988ae205f9\windows-amd64

VM Arguments:
jvm_args: --add-opens=java.base/java.util=ALL-UNNAMED --add-opens=java.base/java.lang=ALL-UNNAMED --add-opens=java.base/java.lang.invoke=ALL-UNNAMED --add-opens=java.prefs/java.util.prefs=ALL-UNNAMED --add-opens=java.base/java.nio.charset=ALL-UNNAMED --add-opens=java.base/java.net=ALL-UNNAMED --add-opens=java.base/java.util.concurrent.atomic=ALL-UNNAMED -XX:MaxMetaspaceSize=384m -XX:+HeapDumpOnOutOfMemoryError -Xms256m -Xmx512m -Dfile.encoding=windows-1252 -Duser.country=CM -Duser.language=fr -Duser.variant -javaagent:C:\Users\ayefou\.gradle\wrapper\dists\gradle-8.8-bin\dl7vupf4psengwqhwktix4v1\gradle-8.8\lib\agents\gradle-instrumentation-agent-8.8.jar 
java_command: org.gradle.launcher.daemon.bootstrap.GradleDaemon 8.8
java_class_path (initial): C:\Users\ayefou\.gradle\wrapper\dists\gradle-8.8-bin\dl7vupf4psengwqhwktix4v1\gradle-8.8\lib\gradle-launcher-8.8.jar
Launcher Type: SUN_STANDARD

[Global flags]
     intx CICompilerCount                          = 4                                         {product} {ergonomic}
   size_t CompressedClassSpaceSize                 = 322961408                                 {product} {ergonomic}
     uint ConcGCThreads                            = 2                                         {product} {ergonomic}
     uint G1ConcRefinementThreads                  = 8                                         {product} {ergonomic}
   size_t G1HeapRegionSize                         = 1048576                                   {product} {ergonomic}
    uintx GCDrainStackTargetSize                   = 64                                        {product} {ergonomic}
     bool HeapDumpOnOutOfMemoryError               = true                                   {manageable} {command line}
   size_t InitialHeapSize                          = 268435456                                 {product} {command line}
   size_t MarkStackSize                            = 4194304                                   {product} {ergonomic}
   size_t MaxHeapSize                              = 536870912                                 {product} {command line}
   size_t MaxMetaspaceSize                         = 402653184                                 {product} {command line}
   size_t MaxNewSize                               = 321912832                                 {product} {ergonomic}
   size_t MinHeapDeltaBytes                        = 1048576                                   {product} {ergonomic}
   size_t MinHeapSize                              = 268435456                                 {product} {command line}
    uintx NonNMethodCodeHeapSize                   = 5839372                                {pd product} {ergonomic}
    uintx NonProfiledCodeHeapSize                  = 122909434                              {pd product} {ergonomic}
    uintx ProfiledCodeHeapSize                     = 122909434                              {pd product} {ergonomic}
    uintx ReservedCodeCacheSize                    = 251658240                              {pd product} {ergonomic}
     bool SegmentedCodeCache                       = true                                      {product} {ergonomic}
   size_t SoftMaxHeapSize                          = 536870912                              {manageable} {ergonomic}
     bool UseCompressedClassPointers               = true                           {product lp64_product} {ergonomic}
     bool UseCompressedOops                        = true                           {product lp64_product} {ergonomic}
     bool UseG1GC                                  = true                                      {product} {ergonomic}
     bool UseLargePagesIndividualAllocation        = false                                  {pd product} {ergonomic}

Logging:
Log output configuration:
 #0: stdout all=warning uptime,level,tags
 #1: stderr all=off uptime,level,tags

Environment Variables:
JAVA_HOME=C:\Program Files\Java\jdk-17.0.2
PATH=C:\Program Files\Common Files\Oracle\Java\javapath;C:\Program Files (x86)\Common Files\Oracle\Java\java8path;C:\Program Files (x86)\Common Files\Oracle\Java\javapath;C:\Program Files (x86)\Mail Enable\BIN;C:\Program Files (x86)\Common Files\Intel\Shared Libraries\redist\intel64\compiler;C:\WINDOWS\system32;C:\WINDOWS;C:\WINDOWS\System32\Wbem;C:\WINDOWS\System32\WindowsPowerShell\v1.0\;C:\WINDOWS\System32\OpenSSH\;C:\windows\system32;C:\Program Files\PuTTY\;C:\Program Files\Kubernetes\Minikube;C:\minikube;C:\Program Files\Git\cmd;C:\Program Files\Apache Software Foundation\apache-maven-3.8.5\bin;C:\Program Files (x86)\Mail Enable\BIN64;C:\Program Files\Java\jdk-17.0.2\bin;C:\Program Files\Gradle\gradle-7.5.1\bin;C:\Program Files (x86)\wapt;C:\Program Files\PowerShell\7\;C:\WINDOWS\system32;C:\WINDOWS;C:\WINDOWS\System32\Wbem;C:\WINDOWS\System32\WindowsPowerShell\v1.0\;C:\WINDOWS\System32\OpenSSH\;C:\flutter\bin;C:\Program Files\nodejs\;C:\Program Files\dotnet\;C:\Program Files (x86)\WiX Toolset v3.14\bin;;C:\Program Files\Docker\Docker\resources\bin;C:\Users\ayefou\AppData\Local\Programs\Python\Python313\Scripts\;C:\Users\ayefou\AppData\Local\Programs\Python\Python313\;C:\Users\ayefou\AppData\Local\Microsoft\WindowsApps;;C:\Users\ayefou\AppData\Local\Programs\Microsoft VS Code\bin;C:\Program Files\JetBrains\IntelliJ IDEA 2021.3\bin;;C:\Users\ayefou\AppData\Roaming\npm;C:\Users\ayefou\.dotnet\tools
USERNAME=ayefou
OS=Windows_NT
PROCESSOR_IDENTIFIER=Intel64 Family 6 Model 126 Stepping 5, GenuineIntel



---------------  S Y S T E M  ---------------

OS:
 Windows 11 , 64 bit Build 22621 (10.0.22621.2506)
OS uptime: 6 days 10:14 hours
Hyper-V role detected

CPU: total 8 (initial active 8) (4 cores per cpu, 2 threads per core) family 6 model 126 stepping 5 microcode 0xa0, cx8, cmov, fxsr, ht, mmx, 3dnowpref, sse, sse2, sse3, ssse3, sse4.1, sse4.2, popcnt, lzcnt, tsc, tscinvbit, avx, avx2, aes, erms, clmul, bmi1, bmi2, adx, avx512f, avx512dq, avx512cd, avx512bw, avx512vl, sha, fma, vzeroupper, avx512_vpopcntdq, avx512_vpclmulqdq, avx512_vaes, avx512_vnni, clflush, clflushopt, avx512_vbmi2, avx512_vbmi, hv

Memory: 4k page, system-wide physical 16165M (550M free)
TotalPageFile size 33541M (AvailPageFile size 47M)
current process WorkingSet (physical memory assigned to process): 324M, peak: 329M
current process commit charge ("private bytes"): 451M, peak: 461M

vm_info: OpenJDK 64-Bit Server VM (17.0.2+8-86) for windows-amd64 JRE (17.0.2+8-86), built on Dec  7 2021 21:49:10 by "mach5one" with MS VC++ 16.8 / 16.9 (VS2019)

END.
